Namespace(method='lime', dataset='credit', k=5, algo='nn', nruns=50, npts=30, alpha=0.2, guarantee='rank')
lime_credit_K5
Skipping. 0 convergences in 10 runs.
Skipping. 0 convergences in 10 runs.
Skipping. 0 convergences in 10 runs.
Skipping. 0 convergences in 10 runs.
Skipping. 0 convergences in 10 runs.
FWER 0.0 on pt 1 (idx 5). 34 convergences in 50 runs
Skipping. 0 convergences in 10 runs.
Skipping. 0 convergences in 10 runs.
Skipping. 0 convergences in 10 runs.
FWER 0.0 on pt 2 (idx 9). 46 convergences in 50 runs
Skipping. 0 convergences in 10 runs.
Skipping. 3 convergences in 10 runs.
Skipping. 0 convergences in 10 runs.
Skipping. 0 convergences in 10 runs.
Skipping. 0 convergences in 10 runs.
Skipping. 2 convergences in 10 runs.
Skipping. 2 convergences in 10 runs.
Skipping. 0 convergences in 10 runs.
Skipping. 0 convergences in 10 runs.
Skipping. 1 convergences in 10 runs.
Skipping. 0 convergences in 10 runs.
Aborting. Too infrequently converging.
