Namespace(method='lime', dataset='breast_cancer', k=2, algo='nn', nruns=50, npts=30, alpha=0.1, guarantee='rank')
lime_breast_cancer_K2
FWER 0.0 on pt 1 (idx 0). 50 convergences in 50 runs
Skipping. 5 convergences in 10 runs.
FWER 0.0 on pt 2 (idx 2). 50 convergences in 50 runs
FWER 0.16 on pt 3 (idx 3). 50 convergences in 50 runs
FWER 0.0 on pt 4 (idx 4). 50 convergences in 50 runs
FWER 0.0 on pt 5 (idx 5). 50 convergences in 50 runs
Skipping. 10 convergences in 12 runs.
FWER 0.0 on pt 6 (idx 7). 50 convergences in 50 runs
FWER 0.0 on pt 7 (idx 8). 50 convergences in 50 runs
FWER 0.0 on pt 8 (idx 9). 50 convergences in 50 runs
FWER 0.0 on pt 9 (idx 10). 50 convergences in 50 runs
FWER 0.0 on pt 10 (idx 11). 50 convergences in 50 runs
FWER 0.0 on pt 11 (idx 12). 50 convergences in 50 runs
FWER 0.0 on pt 12 (idx 13). 50 convergences in 50 runs
FWER 0.0 on pt 13 (idx 14). 50 convergences in 50 runs
Skipping. 4 convergences in 10 runs.
FWER 0.0 on pt 14 (idx 16). 50 convergences in 50 runs
FWER 0.0 on pt 15 (idx 17). 50 convergences in 50 runs
FWER 0.0 on pt 16 (idx 18). 50 convergences in 50 runs
Traceback (most recent call last):
  File "/accounts/grad/jeremy_goldwasser/RankSHAP/Experiments/Code/top_k_experiment.py", line 110, in <module>
    exp, converged = explainer.slime(xloc, model, num_features = K, 
  File "/accounts/grad/jeremy_goldwasser/RankSHAP/rankings/lib/python3.10/site-packages/slime/lime_tabular.py", line 722, in slime
    if test_result[k][0] < -tol:
KeyError: 2
