Namespace(method='lime', dataset='breast_cancer', k=5, algo='nn', nruns=50, npts=30, alpha=0.2, guarantee='rank')
lime_breast_cancer_K5
0
1
2
25 0.0
#################### 1 0.0  (idx  2 )  ####################
3
4
5
6
7
8
25 0.0
#################### 2 0.0  (idx  8 )  ####################
9
25 0.0
10
25 0.0
#################### 3 0.0  (idx  10 )  ####################
11
12
13
25 0.0
#################### 4 0.0  (idx  13 )  ####################
14
15
16
25 0.0
#################### 5 0.0  (idx  16 )  ####################
17
25 0.0
#################### 6 0.0  (idx  17 )  ####################
18
25 0.0
#################### 7 0.0  (idx  18 )  ####################
19
20
25 0.0
#################### 8 0.0  (idx  20 )  ####################
21
25 0.0
#################### 9 0.0  (idx  21 )  ####################
22
23
25 0.0
24
25
25 0.0
#################### 10 0.0  (idx  25 )  ####################
26
25 0.0
27
28
29
30
31
25 0.0
#################### 11 0.0  (idx  31 )  ####################
32
33
34
25 0.0
#################### 12 0.0  (idx  34 )  ####################
35
25 0.0
36
37
38
25 0.0
#################### 13 0.0  (idx  38 )  ####################
39
25 0.0
#################### 14 0.0  (idx  39 )  ####################
40
25 0.0
#################### 15 0.0  (idx  40 )  ####################
41
25 0.0
42
43
44
25 0.0
45
46
25 0.0
#################### 16 0.0  (idx  46 )  ####################
47
25 0.0
#################### 17 0.0  (idx  47 )  ####################
48
49
50
51
52
25 0.0
#################### 18 0.0  (idx  52 )  ####################
53
25 0.0
#################### 19 0.0  (idx  53 )  ####################
54
25 0.0
#################### 20 0.0  (idx  54 )  ####################
55
56
25 0.0
57
58
59
25 0.0
#################### 21 0.0  (idx  59 )  ####################
60
25 0.0
#################### 22 0.0  (idx  60 )  ####################
61
62
63
64
65
25 0.0
#################### 23 0.0  (idx  65 )  ####################
66
25 0.0
#################### 24 0.0  (idx  66 )  ####################
67
68
25 0.0
#################### 25 0.0  (idx  68 )  ####################
69
25 0.0
#################### 26 0.0  (idx  69 )  ####################
70
25 0.0
#################### 27 0.0  (idx  70 )  ####################
71
25 0.0
#################### 28 0.0  (idx  71 )  ####################
72
25 0.0
73
74
25 0.0
#################### 29 0.0  (idx  74 )  ####################
75
76
77
25 0.0
78
25 0.0
#################### 30 0.0  (idx  78 )  ####################
