Namespace(method='rankshap', dataset='census', k=2, algo='nn', nruns=50, npts=30, alpha=0.1, guarantee='rank')
rankshap_census_K2
0
25 0.0
#################### 1 0.0  (idx  0 )  ####################
1
25 0.0
#################### 2 0.0  (idx  1 )  ####################
2
25 0.0
#################### 3 0.0  (idx  2 )  ####################
3
25 0.0
#################### 4 0.0  (idx  3 )  ####################
4
25 0.0
#################### 5 0.0  (idx  4 )  ####################
5
25 0.0
#################### 6 0.0  (idx  5 )  ####################
6
25 0.0
#################### 7 0.0  (idx  6 )  ####################
7
25 0.0
#################### 8 0.0  (idx  7 )  ####################
8
25 0.0
#################### 9 0.0  (idx  8 )  ####################
9
25 0.0
#################### 10 0.0  (idx  9 )  ####################
10
25 0.0
#################### 11 0.0  (idx  10 )  ####################
11
25 0.0
#################### 12 0.0  (idx  11 )  ####################
12
25 0.0
13
25 0.04
14
25 0.08
15
25 0.0
#################### 13 0.0  (idx  15 )  ####################
16
25 0.0
#################### 14 0.0  (idx  16 )  ####################
17
25 0.0
#################### 15 0.0  (idx  17 )  ####################
18
25 0.0
#################### 16 0.0  (idx  18 )  ####################
19
25 0.0
20
25 0.0
#################### 17 0.0  (idx  20 )  ####################
21
25 0.0
#################### 18 0.0  (idx  21 )  ####################
22
25 0.0
#################### 19 0.0  (idx  22 )  ####################
23
25 0.0
24
25 0.0
#################### 20 0.0  (idx  24 )  ####################
25
25 0.0
26
25 0.0
#################### 21 0.0  (idx  26 )  ####################
27
25 0.0
#################### 22 0.0  (idx  27 )  ####################
28
25 0.0
29
25 0.0
#################### 23 0.0  (idx  29 )  ####################
30
25 0.0
#################### 24 0.02  (idx  30 )  ####################
31
25 0.0
#################### 25 0.0  (idx  31 )  ####################
32
25 0.0
#################### 26 0.0  (idx  32 )  ####################
33
25 0.0
#################### 27 0.0  (idx  33 )  ####################
34
25 0.0
#################### 28 0.0  (idx  34 )  ####################
35
25 0.0
#################### 29 0.0  (idx  35 )  ####################
36
25 0.0
#################### 30 0.0  (idx  36 )  ####################
