Namespace(method='rankshap', dataset='bank', k=5, algo='nn', nruns=50, npts=30, alpha=0.1, guarantee='set')
rankshap_bank_K5
0
25 0.0
#################### 1 0.0  (idx  0 )  ####################
1
25 0.0
2
25 0.0
3
25 0.0
#################### 2 0.0  (idx  3 )  ####################
4
25 0.0
5
6
25 0.0
#################### 3 0.0  (idx  6 )  ####################
7
25 0.0
#################### 4 0.0  (idx  7 )  ####################
8
25 0.0
9
25 0.0
#################### 5 0.0  (idx  9 )  ####################
10
25 0.0
#################### 6 0.0  (idx  10 )  ####################
11
25 0.0
#################### 7 0.0  (idx  11 )  ####################
12
13
25 0.0
#################### 8 0.0  (idx  13 )  ####################
14
25 0.0
#################### 9 0.0  (idx  14 )  ####################
15
25 0.0
#################### 10 0.0  (idx  15 )  ####################
16
25 0.0
#################### 11 0.0  (idx  16 )  ####################
17
25 0.0
18
25 0.0
#################### 12 0.0  (idx  18 )  ####################
19
25 0.0
20
21
25 0.0
22
25 0.0
23
25 0.0
#################### 13 0.0  (idx  23 )  ####################
24
25 0.0
#################### 14 0.0  (idx  24 )  ####################
25
25 0.0
26
25 0.0
27
25 0.0
#################### 15 0.0  (idx  27 )  ####################
28
25 0.0
29
30
31
25 0.0
#################### 16 0.0  (idx  31 )  ####################
32
25 0.0
#################### 17 0.0  (idx  32 )  ####################
33
25 0.0
34
25 0.0
#################### 18 0.0  (idx  34 )  ####################
35
25 0.0
36
25 0.0
#################### 19 0.0  (idx  36 )  ####################
37
25 0.0
#################### 20 0.0  (idx  37 )  ####################
38
25 0.0
#################### 21 0.0  (idx  38 )  ####################
39
25 0.0
40
25 0.0
#################### 22 0.0  (idx  40 )  ####################
41
25 0.0
42
25 0.0
#################### 23 0.0  (idx  42 )  ####################
43
25 0.0
#################### 24 0.0  (idx  43 )  ####################
44
25 0.0
#################### 25 0.0  (idx  44 )  ####################
45
25 0.0
#################### 26 0.0  (idx  45 )  ####################
46
25 0.0
47
25 0.0
48
25 0.0
#################### 27 0.0  (idx  48 )  ####################
49
25 0.0
#################### 28 0.0  (idx  49 )  ####################
50
25 0.0
#################### 29 0.0  (idx  50 )  ####################
51
25 0.0
52
25 0.0
53
25 0.0
#################### 30 0.0  (idx  53 )  ####################
