Namespace(method='rankshap', dataset='brca', k=2, algo='nn', nruns=50, npts=30, alpha=0.2, guarantee='rank')
rankshap_brca_K2
0
25 0.04
1
25 0.32
2
25 0.04
#################### 1 0.02  (idx  2 )  ####################
3
25 0.0
#################### 2 0.0  (idx  3 )  ####################
4
25 0.04
#################### 3 0.02  (idx  4 )  ####################
5
25 0.0
6
25 0.0
#################### 4 0.0  (idx  6 )  ####################
7
25 0.0
#################### 5 0.0  (idx  7 )  ####################
8
25 0.0
#################### 6 0.0  (idx  8 )  ####################
9
25 0.04
#################### 7 0.04  (idx  9 )  ####################
10
25 0.0
#################### 8 0.0  (idx  10 )  ####################
11
25 0.0
#################### 9 0.0  (idx  11 )  ####################
12
25 0.0
#################### 10 0.0  (idx  12 )  ####################
13
25 0.08
#################### 11 0.12  (idx  13 )  ####################
14
25 0.0
#################### 12 0.0  (idx  14 )  ####################
15
25 0.0
#################### 13 0.0  (idx  15 )  ####################
16
25 0.0
#################### 14 0.0  (idx  16 )  ####################
17
25 0.0
#################### 15 0.0  (idx  17 )  ####################
18
25 0.0
#################### 16 0.0  (idx  18 )  ####################
19
25 0.0
#################### 17 0.0  (idx  19 )  ####################
20
25 0.0
#################### 18 0.0  (idx  20 )  ####################
21
25 0.0
#################### 19 0.0  (idx  21 )  ####################
22
25 0.0
#################### 20 0.0  (idx  22 )  ####################
23
25 0.0
#################### 21 0.0  (idx  23 )  ####################
24
25 0.0
#################### 22 0.02  (idx  24 )  ####################
25
25 0.0
#################### 23 0.0  (idx  25 )  ####################
26
25 0.0
#################### 24 0.0  (idx  26 )  ####################
27
25 0.0
#################### 25 0.0  (idx  27 )  ####################
28
25 0.0
#################### 26 0.0  (idx  28 )  ####################
29
30
25 0.0
#################### 27 0.02  (idx  30 )  ####################
31
25 0.0
#################### 28 0.0  (idx  31 )  ####################
32
25 0.12
#################### 29 0.14  (idx  32 )  ####################
33
25 0.0
#################### 30 0.0  (idx  33 )  ####################
