Namespace(method='sprtshap', dataset='breast_cancer', k=5, algo='nn', nruns=50, npts=30, alpha=0.2, guarantee='rank')
sprtshap_breast_cancer_K5
Skipping. 0 convergences in 10 runs.
Skipping. 0 convergences in 10 runs.
Skipping. 0 convergences in 10 runs.
Skipping. 0 convergences in 10 runs.
Skipping. 0 convergences in 10 runs.
Skipping. 0 convergences in 10 runs.
FWER 0.0 on pt 1 (idx 6). 50 convergences in 50 runs
Skipping. 0 convergences in 10 runs.
Skipping. 0 convergences in 10 runs.
Skipping. 0 convergences in 10 runs.
FWER 0.0 on pt 2 (idx 10). 27 convergences in 50 runs
Skipping. 0 convergences in 10 runs.
Skipping. 0 convergences in 10 runs.
Skipping. 0 convergences in 10 runs.
Skipping. 0 convergences in 10 runs.
Skipping. 0 convergences in 10 runs.
Skipping. 0 convergences in 10 runs.
Skipping. 0 convergences in 10 runs.
Skipping. 0 convergences in 10 runs.
Skipping. 0 convergences in 10 runs.
Skipping. 0 convergences in 10 runs.
Aborting. Too infrequently converging.
