Namespace(method='sprtshap', dataset='bank', k=2, algo='nn', nruns=50, npts=30, alpha=0.2, guarantee='rank')
sprtshap_bank_K2
0
25 0.0
#################### 1 0.0  (idx  0 )  ####################
1
25 0.0
2
3
4
5
25 0.0
#################### 2 0.0  (idx  5 )  ####################
6
25 0.0
#################### 3 0.0  (idx  6 )  ####################
7
25 0.0
8
25 0.0
#################### 4 0.0  (idx  8 )  ####################
9
10
25 0.0
11
12
25 0.0
13
25 0.0
#################### 5 0.0  (idx  13 )  ####################
14
15
16
25 0.0
#################### 6 0.0  (idx  16 )  ####################
17
18
25 0.0
19
25 0.0
#################### 7 0.0  (idx  19 )  ####################
20
21
25 0.0
#################### 8 0.0  (idx  21 )  ####################
22
25 0.0
#################### 9 0.0  (idx  22 )  ####################
23
25 0.0
24
25
25 0.0
#################### 10 0.0  (idx  25 )  ####################
26
25 0.0
#################### 11 0.0  (idx  26 )  ####################
27
25 0.0
28
25 0.0
29
25 0.0
#################### 12 0.0  (idx  29 )  ####################
30
25 0.0
#################### 13 0.0  (idx  30 )  ####################
31
25 0.0
32
25 0.0
#################### 14 0.0  (idx  32 )  ####################
33
25 0.0
#################### 15 0.0  (idx  33 )  ####################
34
25 0.0
#################### 16 0.0  (idx  34 )  ####################
35
36
25 0.0
#################### 17 0.0  (idx  36 )  ####################
37
25 0.0
38
25 0.0
#################### 18 0.0  (idx  38 )  ####################
39
25 0.0
40
41
25 0.0
#################### 19 0.0  (idx  41 )  ####################
42
25 0.0
#################### 20 0.0  (idx  42 )  ####################
43
44
25 0.0
#################### 21 0.0  (idx  44 )  ####################
45
46
47
25 0.0
#################### 22 0.0  (idx  47 )  ####################
48
25 0.0
49
50
25 0.0
51
25 0.0
52
25 0.0
53
54
25 0.0
#################### 23 0.0  (idx  54 )  ####################
55
25 0.0
56
25 0.0
57
25 0.0
#################### 24 0.0  (idx  57 )  ####################
58
25 0.0
59
25 0.0
60
25 0.0
#################### 25 0.0  (idx  60 )  ####################
61
25 0.0
#################### 26 0.0  (idx  61 )  ####################
62
25 0.0
#################### 27 0.0  (idx  62 )  ####################
63
25 0.0
64
25 0.0
65
66
25 0.0
#################### 28 0.0  (idx  66 )  ####################
67
25 0.0
68
69
25 0.0
#################### 29 0.0  (idx  69 )  ####################
70
25 0.0
#################### 30 0.0  (idx  70 )  ####################
