lime_ranks_k5
0
50 0.0
100 0.0
150 0.0
200 0.0
250 0.0
#################### 250 0.0 ####################
1
50 0.0
100 0.0
150 0.0
200 0.0
250 0.0
#################### 250 0.0 ####################
2
50 0.0
100 0.0
150 0.0
200 0.0
250 0.0
#################### 250 0.0 ####################
3
50 0.0
100 0.0
150 0.0
200 0.0
250 0.0
#################### 250 0.0 ####################
4
5
6
50 0.0
100 0.0
150 0.0
200 0.0
250 0.0
#################### 250 0.0 ####################
7
8
9
50 0.0
100 0.0
150 0.0
200 0.0
250 0.0
#################### 250 0.0 ####################
10
50 0.0
100 0.0
150 0.0
200 0.0
250 0.0
#################### 250 0.0 ####################
11
50 0.0
100 0.0
150 0.0
200 0.0
250 0.0
#################### 250 0.0 ####################
12
50 0.08
100 0.06
150 0.05
200 0.06
250 0.06
#################### 250 0.06 ####################
13
14
50 0.0
100 0.0
150 0.0
200 0.0
250 0.0
#################### 250 0.0 ####################
15
16
50 0.0
100 0.0
150 0.0
200 0.0
250 0.0
#################### 250 0.0 ####################
17
18
50 0.0
100 0.0
150 0.0
200 0.0
250 0.0
#################### 250 0.0 ####################
19
50 0.0
100 0.0
150 0.0
200 0.0
250 0.0
#################### 250 0.0 ####################
20
50 0.0
100 0.0
150 0.0
200 0.0
250 0.0
#################### 250 0.0 ####################
21
50 0.02
100 0.01
150 0.01
200 0.01
250 0.0
#################### 250 0.0 ####################
22
23
50 0.0
100 0.0
150 0.0
200 0.0
250 0.0
#################### 250 0.0 ####################
24
50 0.0
100 0.0
150 0.0
200 0.0
250 0.0
#################### 250 0.0 ####################
25
50 0.0
100 0.0
150 0.0
200 0.0
250 0.0
#################### 250 0.0 ####################
26
27
50 0.0
100 0.0
150 0.0
200 0.0
250 0.0
#################### 250 0.0 ####################
28
50 0.0
100 0.0
150 0.0
200 0.0
250 0.0
#################### 250 0.0 ####################
29
30
50 0.0
100 0.0
150 0.0
200 0.0
250 0.0
#################### 250 0.0 ####################
31
50 0.0
100 0.0
150 0.0
200 0.0
250 0.0
#################### 250 0.0 ####################
32
33
50 0.0
100 0.0
150 0.0
200 0.0
250 0.0
#################### 250 0.0 ####################
34
50 0.0
100 0.0
150 0.0
200 0.0
250 0.0
#################### 250 0.0 ####################
35
50 0.0
100 0.0
150 0.0
200 0.0
250 0.0
#################### 250 0.0 ####################
36
37
38
50 0.0
100 0.01
150 0.01
200 0.02
250 0.01
#################### 250 0.01 ####################
39
40
50 0.0
100 0.0
150 0.0
200 0.0
250 0.0
#################### 250 0.0 ####################
41
50 0.0
100 0.0
150 0.0
200 0.0
250 0.0
#################### 250 0.0 ####################
42
43
44
50 0.0
100 0.0
150 0.0
200 0.0
250 0.0
#################### 250 0.0 ####################
45
50 0.0
100 0.0
150 0.0
200 0.0
250 0.0
#################### 250 0.0 ####################
