lime_ranks_k2
0
50 0.0
100 0.0
150 0.0
200 0.0
250 0.0
#################### 250 0.0 ####################
1
50 0.0
100 0.0
150 0.0
200 0.0
250 0.0
#################### 250 0.0 ####################
2
50 0.0
100 0.0
150 0.0
200 0.0
250 0.0
#################### 250 0.0 ####################
3
50 0.0
100 0.0
150 0.0
200 0.0
250 0.0
#################### 250 0.0 ####################
4
50 0.0
100 0.0
150 0.0
200 0.0
250 0.0
#################### 250 0.0 ####################
5
50 0.0
100 0.0
150 0.0
200 0.0
250 0.0
#################### 250 0.0 ####################
6
7
50 0.0
100 0.0
150 0.0
200 0.0
250 0.0
#################### 250 0.0 ####################
8
50 0.0
100 0.0
150 0.0
200 0.0
250 0.0
#################### 250 0.0 ####################
9
50 0.0
100 0.0
150 0.0
200 0.0
250 0.0
#################### 250 0.0 ####################
10
50 0.0
100 0.0
150 0.0
200 0.0
250 0.0
#################### 250 0.0 ####################
11
50 0.0
100 0.01
150 0.01
200 0.01
250 0.01
#################### 250 0.01 ####################
12
13
50 0.0
100 0.0
150 0.0
200 0.0
250 0.0
#################### 250 0.0 ####################
14
50 0.0
100 0.0
150 0.0
200 0.0
250 0.0
#################### 250 0.0 ####################
15
50 0.0
100 0.0
150 0.0
200 0.0
250 0.0
#################### 250 0.0 ####################
16
50 0.0
100 0.0
150 0.0
200 0.0
250 0.0
#################### 250 0.0 ####################
17
50 0.0
100 0.0
150 0.0
200 0.0
250 0.0
#################### 250 0.0 ####################
18
50 0.0
100 0.0
150 0.0
200 0.0
250 0.0
#################### 250 0.0 ####################
19
20
50 0.0
100 0.0
150 0.0
200 0.0
250 0.0
#################### 250 0.0 ####################
21
50 0.04
100 0.04
150 0.05
200 0.06
250 0.06
#################### 250 0.06 ####################
22
50 0.0
100 0.0
150 0.0
200 0.0
250 0.0
#################### 250 0.0 ####################
23
50 0.0
100 0.0
150 0.0
200 0.0
250 0.0
#################### 250 0.0 ####################
24
50 0.0
100 0.0
150 0.0
200 0.0
250 0.0
#################### 250 0.0 ####################
25
50 0.0
100 0.0
150 0.0
200 0.0
250 0.0
#################### 250 0.0 ####################
26
50 0.0
100 0.0
150 0.0
200 0.0
250 0.0
#################### 250 0.0 ####################
27
50 0.0
100 0.0
150 0.0
200 0.0
250 0.0
#################### 250 0.0 ####################
28
50 0.0
100 0.0
150 0.0
200 0.0
250 0.0
#################### 250 0.0 ####################
29
50 0.02
100 0.01
150 0.01
200 0.01
250 0.0
#################### 250 0.0 ####################
30
50 0.0
100 0.0
150 0.0
200 0.0
250 0.0
#################### 250 0.0 ####################
31
50 0.0
100 0.0
150 0.0
200 0.0
250 0.0
#################### 250 0.0 ####################
32
50 0.0
100 0.0
150 0.0
200 0.0
250 0.0
#################### 250 0.0 ####################
