True False
1 0
True True
2 1
True True
3 2
True False
4 2
True True
5 3
True True
6 4
True True
7 5
True True
8 6
True False
9 6
True False
10 6
True True
11 7
True False
12 7
True False
13 7
False False
14 7
True False
15 7
True False
16 7
True True
17 8
True False
18 8
True True
19 9
True False
20 9
True True
21 10
True False
22 10
True False
23 10
True True
24 11
True True
25 12
True False
26 12
True True
27 13
True False
28 13
True False
29 13
True True
30 14
True False
31 14
True True
32 15
True True
33 16
True True
34 17
True False
35 17
True True
36 18
True True
37 19
True False
38 19
True True
39 20
True False
40 20
True False
41 20
True True
42 21
True True
43 22
True False
44 22
True True
45 23
True False
46 23
True True
47 24
True True
48 25
True True
49 26
True False
50 26
True True
51 27
True True
52 28
False False
53 28
True False
54 28
True True
55 29
True True
56 30
True True
1 1
True True
2 2
True False
3 2
True False
4 2
True True
5 3
True True
6 4
True True
7 5
True True
8 6
True True
9 7
True False
10 7
True False
11 7
True False
12 7
True False
13 7
True True
14 8
True True
15 9
True False
16 9
True True
17 10
True False
18 10
True True
19 11
True True
20 12
True False
21 12
True True
22 13
True True
23 14
False True
24 14
True False
25 14
True True
26 15
True True
27 16
True True
28 17
True True
29 18
True True
30 19
True True
31 20
True True
32 21
True True
33 22
True True
34 23
True True
35 24
True False
36 24
False True
37 24
True False
38 24
True True
39 25
True True
40 26
True True
41 27
True True
42 28
False True
43 28
True False
44 28
True True
45 29
True False
46 29
True False
47 29
True True
48 30
True False
1 0
True False
2 0
True True
3 1
True False
4 1
True True
5 2
True False
6 2
True False
7 2
True True
8 3
True True
9 4
True False
10 4
True True
11 5
True False
12 5
True True
13 6
True False
14 6
True True
15 7
False False
16 7
True True
17 8
True False
18 8
True True
19 9
True False
20 9
True False
21 9
True False
22 9
True True
23 10
True False
24 10
True False
25 10
True False
26 10
True False
27 10
True True
28 11
True False
29 11
True True
30 12
True True
31 13
True False
32 13
True False
33 13
True False
34 13
True False
35 13
True True
36 14
True False
37 14
True False
38 14
True True
39 15
True False
40 15
True False
41 15
True True
42 16
True True
43 17
True True
44 18
True True
45 19
True False
46 19
True True
47 20
True False
48 20
False False
49 20
True False
50 20
True True
51 21
True False
52 21
True False
53 21
True False
54 21
True True
55 22
True False
56 22
True False
57 22
True True
58 23
True True
59 24
True False
60 24
True False
61 24
True False
62 24
True False
63 24
True False
64 24
True True
65 25
True False
66 25
True False
67 25
True False
68 25
True True
69 26
True False
70 26
True False
71 26
True True
72 27
True False
73 27
True False
74 27
True False
75 27
True False
76 27
True True
77 28
True False
78 28
True True
79 29
True False
80 29
True True
81 30
True True
1 1
True False
2 1
True True
3 2
True True
4 3
False True
5 3
True True
6 4
True True
7 5
True True
8 6
True True
9 7
True True
10 8
True True
11 9
True False
12 9
True True
13 10
True True
14 11
True True
15 12
False False
16 12
