shap_vals_k5
8140
0
50 0.0
100 0.0
150 0.0
200 0.0
250 0.0
#################### 250 0.0 ####################
1
50 0.06
100 0.03
150 0.03
200 0.04
250 0.04
#################### 250 0.04 ####################
2
50 0.04
100 0.05
150 0.05
200 0.05
250 0.05
#################### 250 0.05 ####################
3
50 0.0
100 0.0
150 0.0
200 0.01
250 0.01
#################### 250 0.01 ####################
4
50 0.0
100 0.0
150 0.02
200 0.02
250 0.02
#################### 250 0.02 ####################
5
50 0.12
100 0.09
150 0.07
200 0.07
250 0.07
#################### 250 0.07 ####################
6
50 0.04
100 0.05
150 0.05
200 0.06
250 0.06
#################### 250 0.06 ####################
7
50 0.12
100 0.12
150 0.16
200 0.17
250 0.16
#################### 250 0.16 ####################
8
50 0.14
100 0.13
150 0.12
200 0.12
250 0.11
#################### 250 0.11 ####################
9
50 0.02
100 0.01
150 0.01
200 0.01
250 0.01
#################### 250 0.01 ####################
10
50 0.0
100 0.0
150 0.0
200 0.0
250 0.0
#################### 250 0.0 ####################
11
50 0.1
100 0.09
150 0.09
200 0.08
250 0.08
#################### 250 0.08 ####################
12
13
50 0.0
100 0.01
150 0.02
200 0.02
250 0.01
#################### 250 0.01 ####################
14
15
50 0.0
100 0.06
150 0.07
200 0.06
250 0.07
#################### 250 0.07 ####################
16
50 0.04
100 0.03
150 0.03
200 0.04
250 0.04
#################### 250 0.04 ####################
17
50 0.04
100 0.03
150 0.03
200 0.02
250 0.02
#################### 250 0.02 ####################
18
50 0.16
100 0.26
150 0.22
200 0.24
250 0.25
#################### 250 0.25 ####################
19
20
50 0.04
100 0.07
150 0.08
200 0.09
250 0.1
#################### 250 0.1 ####################
21
50 0.0
100 0.03
150 0.03
200 0.04
250 0.04
#################### 250 0.04 ####################
22
50 0.04
100 0.03
150 0.02
200 0.02
250 0.02
#################### 250 0.02 ####################
23
24
50 0.02
100 0.03
150 0.03
200 0.03
250 0.02
#################### 250 0.02 ####################
25
26
50 0.44
100 0.41
150 0.39
200 0.4
250 0.42
#################### 250 0.42 ####################
27
50 0.1
100 0.08
150 0.07
200 0.08
250 0.09
#################### 250 0.09 ####################
28
50 0.0
100 0.04
150 0.04
200 0.04
250 0.04
#################### 250 0.04 ####################
29
30
50 0.06
100 0.05
150 0.03
200 0.03
250 0.02
#################### 250 0.02 ####################
31
50 0.46
100 0.46
150 0.43
200 0.44
250 0.45
#################### 250 0.45 ####################
32
50 0.02
100 0.02
150 0.03
200 0.03
250 0.02
#################### 250 0.02 ####################
33
50 0.08
100 0.08
150 0.08
200 0.07
250 0.06
#################### 250 0.06 ####################
34
50 0.08
100 0.08
150 0.09
200 0.08
250 0.08
#################### 250 0.08 ####################
35
50 0.02
100 0.02
150 0.01
200 0.02
250 0.02
#################### 250 0.02 ####################
