Namespace(method='kernelshap', dataset='census', k=3, algo='nn', nruns=100, npts=10, alpha=0.2, save_topK=False)
kernelshap_census_K3_fwers
0
1
2
3
25 0.0
50 0.0
75 0.0
#################### 1 0.0  (idx  3 )  ####################
4
5
6
7
8
9
25 0.0
50 0.0
75 0.0
#################### 2 0.0  (idx  9 )  ####################
10
25 0.04
50 0.02
75 0.013
#################### 3 0.02  (idx  10 )  ####################
11
25 0.0
50 0.0
75 0.0
#################### 4 0.0  (idx  11 )  ####################
12
13
14
15
16
17
18
19
20
21
22
25 0.0
50 0.0
75 0.0
#################### 5 0.0  (idx  22 )  ####################
23
24
25 0.0
50 0.0
75 0.0
#################### 6 0.0  (idx  24 )  ####################
25
26
27
25 0.0
50 0.0
75 0.0
#################### 7 0.0  (idx  27 )  ####################
28
29
30
25 0.0
50 0.0
75 0.0
#################### 8 0.0  (idx  30 )  ####################
31
32
33
34
35
36
37
38
39
40
25 0.0
50 0.0
75 0.0
#################### 9 0.0  (idx  40 )  ####################
41
42
25 0.0
50 0.0
75 0.0
#################### 10 0.0  (idx  42 )  ####################
