Namespace(method='rankshap', dataset='breast_cancer', k=5, algo='nn', nruns=100, npts=10, alpha=0.1, save_topK=False)
rankshap_breast_cancer_K5_fwers
0
25 0.04
50 0.02
75 0.013
#################### 1 0.01  (idx  0 )  ####################
1
25 0.0
50 0.0
75 0.0
#################### 2 0.0  (idx  1 )  ####################
2
25 0.0
50 0.0
75 0.0
#################### 3 0.0  (idx  2 )  ####################
3
25 0.08
50 0.12
75 0.16
#################### 4 0.15  (idx  3 )  ####################
4
25 0.0
50 0.0
75 0.0
#################### 5 0.0  (idx  4 )  ####################
5
25 0.04
50 0.02
75 0.013
#################### 6 0.01  (idx  5 )  ####################
6
25 0.0
50 0.0
75 0.0
#################### 7 0.0  (idx  6 )  ####################
7
25 0.0
50 0.0
75 0.0
#################### 8 0.0  (idx  7 )  ####################
8
25 0.0
50 0.0
75 0.0
#################### 9 0.0  (idx  8 )  ####################
9
10
25 0.0
50 0.0
75 0.0
#################### 10 0.0  (idx  10 )  ####################
