Namespace(method='shap', dataset='breast_cancer', k=3, algo='nn', nruns=100, npts=10, alpha=0.2)
shap_breast_cancer_K3_fwers
0
1
50 0.04
100 0.03
#################### 1 0.030000000000000027 ####################
2
50 0.0
100 0.01
#################### 2 0.010000000000000009 ####################
3
50 0.0
100 0.04
#################### 3 0.040000000000000036 ####################
4
50 0.22
100 0.22
#################### 4 0.21999999999999997 ####################
5
50 0.02
100 0.01
#################### 5 0.010000000000000009 ####################
6
7
50 0.0
slurmstepd-scf-sm10: error: *** JOB 358376 ON scf-sm10 CANCELLED AT 2024-01-17T17:25:45 ***
