Namespace(method='shap', dataset='breast_cancer', k=7, algo='nn', nruns=100, npts=10, alpha=0.2)
shap_breast_cancer_K7_fwers
0
1
50 0.3
100 0.26
#################### 1 0.26 ####################
2
50 0.0
100 0.01
#################### 2 0.010000000000000009 ####################
3
4
50 0.14
100 0.11
#################### 3 0.10999999999999999 ####################
5
50 0.1
100 0.06
#################### 4 0.06000000000000005 ####################
6
7
50 0.1
100 0.08
#################### 5 0.07999999999999996 ####################
8
9
10
11
12
50 0.04
100 0.02
#################### 6 0.020000000000000018 ####################
13
14
15
16
17
18
50 0.1
100 0.11
#################### 7 0.10999999999999999 ####################
19
50 0.0
100 0.02
#################### 8 0.020000000000000018 ####################
20
21
22
23
24
25
50 0.24
100 0.26
#################### 9 0.26 ####################
26
50 0.1
100 0.06
#################### 10 0.06000000000000005 ####################
