Namespace(method='shap', dataset='brca', k=7, algo='nn', nruns=100, npts=10, alpha=0.2)
shap_brca_K7_fwers
0
1
2
50 0.16
100 0.11
#################### 1 0.10999999999999999 ####################
3
50 0.0
100 0.0
#################### 2 0.0 ####################
4
50 0.0
100 0.0
#################### 3 0.0 ####################
5
6
50 0.04
100 0.03
#################### 4 0.030000000000000027 ####################
7
8
9
10
11
12
13
14
15
16
50 0.08
100 0.06
#################### 5 0.06000000000000005 ####################
17
50 0.16
100 0.14
#################### 6 0.14 ####################
18
19
20
21
22
23
24
50 0.0
100 0.01
#################### 7 0.010000000000000009 ####################
25
26
27
28
29
30
50 0.3
100 0.28
#################### 8 0.28 ####################
31
32
33
34
35
36
50 0.0
100 0.01
#################### 9 0.010000000000000009 ####################
37
38
39
40
50 0.0
100 0.01
#################### 10 0.010000000000000009 ####################
