Namespace(method='kernelshap', dataset='bank', k=2, algo='nn', nruns=100, npts=10, alpha=0.1, save_topK=False)
kernelshap_bank_K2_fwers
0
25 0.0
50 0.0
75 0.0
#################### 1 0.0  (idx  0 )  ####################
1
25 0.0
50 0.0
75 0.0
#################### 2 0.0  (idx  1 )  ####################
2
3
4
5
25 0.0
50 0.0
75 0.0
#################### 3 0.0  (idx  5 )  ####################
6
25 0.0
50 0.0
75 0.0
#################### 4 0.0  (idx  6 )  ####################
7
25 0.0
50 0.0
75 0.0
#################### 5 0.0  (idx  7 )  ####################
8
25 0.0
50 0.0
75 0.0
#################### 6 0.0  (idx  8 )  ####################
9
10
25 0.0
50 0.0
75 0.0
#################### 7 0.0  (idx  10 )  ####################
11
12
25 0.0
50 0.0
75 0.0
#################### 8 0.0  (idx  12 )  ####################
13
25 0.0
50 0.0
Traceback (most recent call last):
  File "/accounts/grad/jeremy_goldwasser/RankSHAP/Experiments/Code/experiment.py", line 108, in <module>
    shap_vals, N, converged = kernelshap_top_k(model, X_train, xloc, K=K, mapping_dict=mapping_dict, 
    ^^^^^^^^^^^^^^^^^^^^^^^
ValueError: not enough values to unpack (expected 3, got 2)
