Namespace(method='kernelshap', dataset='brca', k=2, algo='nn', nruns=100, npts=10, alpha=0.1, save_topK=False)
kernelshap_brca_K2_fwers
0
0 0
False
0 1
False
0 2
False
0 3
False
0 4
False
1
0 0
False
0 1
False
0 2
False
0 3
False
0 4
False
2
0 0
False
0 1
False
0 2
False
0 3
False
0 4
False
3
0 0
True
1 1
True
2 2
True
3 3
True
4 4
True
5 5
True
6 6
True
7 7
True
8 8
True
9 9
True
10 10
True
11 11
True
12 12
True
13 13
True
14 14
True
15 15
True
16 16
True
17 17
True
18 18
True
19 19
True
20 20
True
21 21
True
22 22
True
23 23
True
24 24
True
25 25
True
26 26
True
27 27
True
28 28
True
29 29
True
30 30
True
31 31
True
32 32
True
33 33
True
34 34
True
35 35
True
36 36
True
37 37
True
38 38
True
39 39
True
40 40
False
40 41
True
41 42
True
42 43
True
43 44
True
44 45
True
45 46
True
46 47
True
47 48
True
48 49
True
49 50
True
50 0.0
50 51
True
51 52
True
52 53
True
53 54
True
54 55
True
55 56
True
56 57
True
57 58
True
58 59
True
59 60
True
60 61
True
61 62
True
62 63
True
63 64
True
64 65
True
65 66
True
66 67
True
67 68
True
68 69
True
69 70
True
70 71
True
71 72
True
72 73
True
73 74
True
74 75
True
75 76
True
76 77
True
77 78
True
78 79
True
79 80
True
80 81
True
81 82
True
82 83
True
83 84
True
84 85
True
85 86
True
86 87
True
87 88
True
88 89
True
89 90
True
90 91
True
91 92
True
92 93
True
93 94
True
94 95
True
95 96
True
96 97
True
97 98
True
98 99
True
99 100
True
100 0.0
#################### 1 0.0  (idx  3 )  ####################
4
0 0
False
0 1
False
0 2
False
0 3
False
0 4
False
5
0 0
False
0 1
False
0 2
False
0 3
False
0 4
False
6
0 0
True
1 1
False
1 2
True
2 3
True
3 4
True
4 5
False
7
0 0
False
0 1
False
0 2
False
0 3
False
0 4
False
8
0 0
False
0 1
False
0 2
False
0 3
False
0 4
False
9
0 0
False
0 1
False
0 2
False
0 3
False
0 4
False
10
0 0
False
0 1
False
0 2
False
0 3
False
0 4
False
11
0 0
False
0 1
False
0 2
False
0 3
False
0 4
False
12
0 0
False
0 1
False
0 2
False
0 3
True
1 4
True
2 5
True
3 6
False
13
0 0
True
1 1
True
2 2
True
3 3
True
4 4
True
5 5
True
6 6
True
7 7
True
8 8
True
9 9
True
10 10
True
11 11
True
12 12
True
13 13
True
14 14
True
15 15
True
16 16
True
17 17
True
18 18
True
19 19
True
20 20
True
21 21
True
22 22
True
23 23
True
24 24
True
25 25
True
26 26
True
27 27
True
28 28
True
29 29
True
30 30
True
31 31
True
32 32
False
32 33
False
32 34
True
33 35
True
34 36
True
35 37
True
36 38
True
37 39
True
38 40
True
39 41
True
40 42
True
41 43
True
42 44
True
43 45
True
44 46
True
45 47
True
46 48
True
47 49
True
48 50
True
49 51
True
50 0.0
50 52
True
51 53
True
52 54
True
53 55
True
54 56
True
55 57
True
56 58
True
57 59
True
58 60
True
59 61
True
60 62
True
61 63
True
62 64
True
63 65
True
64 66
True
65 67
True
66 68
True
67 69
True
68 70
True
69 71
True
70 72
True
71 73
True
72 74
True
73 75
True
74 76
True
75 77
True
76 78
True
77 79
True
78 80
True
79 81
True
80 82
True
81 83
True
82 84
True
83 85
True
84 86
True
85 87
True
86 88
True
87 89
True
88 90
True
89 91
True
90 92
True
91 93
True
92 94
True
93 95
True
94 96
True
95 97
True
96 98
True
97 99
True
98 100
True
99 101
True
100 0.0
#################### 2 0.0  (idx  13 )  ####################
14
0 0
True
1 1
True
2 2
True
3 3
True
4 4
True
5 5
True
6 6
True
7 7
True
8 8
True
9 9
True
10 10
True
11 11
True
12 12
True
13 13
True
14 14
False
14 15
False
14 16
True
15 17
True
16 18
True
17 19
True
18 20
False
18 21
True
19 22
True
20 23
True
21 24
True
22 25
True
23 26
False
23 27
True
24 28
True
25 29
True
26 30
True
27 31
True
28 32
True
29 33
slurmstepd-scf-sm20: error: *** JOB 492723 ON scf-sm20 CANCELLED AT 2024-05-05T21:38:52 ***
