Namespace(method='shap', dataset='bank', k=3, algo='nn', nruns=100, npts=10, alpha=0.2)
shap_bank_K3_fwers
0
50 0.14
100 0.18
#################### 1 0.18000000000000005 ####################
1
50 0.14
100 0.16
#################### 2 0.16000000000000003 ####################
2
50 0.0
100 0.0
#################### 3 0.0 ####################
3
50 0.1
100 0.08
#################### 4 0.07999999999999996 ####################
4
5
50 0.1
100 0.05
#################### 5 0.050000000000000044 ####################
6
50 0.02
100 0.02
#################### 6 0.020000000000000018 ####################
7
8
50 0.1
100 0.06
#################### 7 0.06000000000000005 ####################
9
50 0.06
100 0.04
#################### 8 0.040000000000000036 ####################
10
50 0.02
100 0.04
#################### 9 0.040000000000000036 ####################
11
50 0.0
100 0.0
#################### 10 0.0 ####################
