Namespace(method='kernelshap', dataset='brca', k=2, algo='nn', nruns=100, npts=10, alpha=0.1, save_topK=False)
kernelshap_brca_K2_fwers
0
0 0
1000
2000
3000
4000
5000
6000
7000
8000
9000
10000
11000
12000
13000
14000
15000
16000
17000
18000
19000
20000
False
0 1
1000
2000
3000
4000
5000
6000
7000
8000
9000
10000
11000
12000
13000
14000
15000
16000
17000
18000
19000
20000
False
0 2
1000
2000
3000
4000
5000
6000
7000
8000
9000
10000
11000
12000
13000
14000
15000
16000
17000
18000
19000
20000
False
0 3
1000
2000
3000
4000
5000
6000
7000
8000
9000
10000
11000
12000
13000
14000
15000
16000
17000
18000
19000
20000
False
0 4
1000
2000
3000
4000
5000
6000
7000
8000
9000
10000
11000
12000
13000
14000
15000
16000
17000
18000
slurmstepd-scf-sm10: error: *** JOB 492597 ON scf-sm10 CANCELLED AT 2024-05-05T19:06:06 ***
