Namespace(method='kernelshap', dataset='credit', k=2, algo='nn', nruns=100, npts=10, alpha=0.1, save_topK=False)
kernelshap_credit_K2_fwers
0
50 0.0
100 0.0
#################### 1 0.0  (idx  0 )  ####################
1
50 0.0
100 0.0
#################### 2 0.0  (idx  1 )  ####################
2
50 0.0
100 0.0
#################### 3 0.0  (idx  2 )  ####################
3
50 0.0
100 0.0
#################### 4 0.0  (idx  3 )  ####################
4
50 0.0
100 0.0
#################### 5 0.0  (idx  4 )  ####################
5
slurmstepd-scf-sm10: error: *** JOB 489846 ON scf-sm10 CANCELLED AT 2024-05-05T21:38:52 ***
