Namespace(method='lime', dataset='breast_cancer', k=2, algo='nn', nruns=100, npts=10, alpha=0.1, save_topK=False)
lime_breast_cancer_K2_fwers
0
25 0.0
50 0.0
75 0.0
#################### 1 0.01  (idx  0 )  ####################
1
2
25 0.0
50 0.02
75 0.013
#################### 2 0.01  (idx  2 )  ####################
3
25 0.12
50 0.06
75 0.04
#################### 3 0.07  (idx  3 )  ####################
4
25 0.0
50 0.0
75 0.0
#################### 4 0.0  (idx  4 )  ####################
5
25 0.0
50 0.0
75 0.0
#################### 5 0.0  (idx  5 )  ####################
6
7
25 0.0
50 0.0
75 0.0
#################### 6 0.0  (idx  7 )  ####################
8
25 0.0
50 0.0
75 0.0
#################### 7 0.0  (idx  8 )  ####################
9
25 0.0
50 0.0
75 0.0
#################### 8 0.0  (idx  9 )  ####################
10
25 0.0
50 0.0
75 0.0
#################### 9 0.0  (idx  10 )  ####################
11
25 0.0
50 0.0
75 0.0
#################### 10 0.0  (idx  11 )  ####################
