Namespace(method='rankshap', dataset='credit', k=7, algo='nn', nruns=100, npts=10, alpha=0.2, save_topK=False)
rankshap_credit_K7_fwers
0
25 0.0
50 0.02
75 0.013
#################### 1 0.03  (idx  0 )  ####################
1
2
25 0.04
50 0.04
75 0.027
#################### 2 0.03  (idx  2 )  ####################
3
4
5
6
7
25 0.04
50 0.06
75 0.08
#################### 3 0.07  (idx  7 )  ####################
8
25 0.0
50 0.0
75 0.0
#################### 4 0.01  (idx  8 )  ####################
9
10
25 0.0
50 0.0
75 0.027
#################### 5 0.02  (idx  10 )  ####################
11
25 0.04
50 0.04
75 0.027
#################### 6 0.04  (idx  11 )  ####################
12
25 0.0
50 0.0
75 0.0
#################### 7 0.0  (idx  12 )  ####################
13
14
25 0.12
50 0.12
75 0.16
#################### 8 0.2  (idx  14 )  ####################
15
16
25 0.04
50 0.02
75 0.027
#################### 9 0.03  (idx  16 )  ####################
17
18
25 0.04
50 0.02
75 0.013
#################### 10 0.01  (idx  18 )  ####################
