Namespace(method='kernelshap', dataset='brca', k=2, algo='nn', nruns=100, npts=10, alpha=0.1, save_topK=False)
kernelshap_brca_K2_fwers
0
0 0
1000
2000
3000
4000
5000
6000
7000
8000
9000
10000
11000
12000
13000
14000
15000
16000
17000
18000
19000
20000
21000
22000
23000
24000
25000
26000
27000
28000
29000
30000
False
0 1
1000
2000
3000
4000
5000
6000
7000
8000
9000
10000
11000
12000
13000
14000
15000
16000
17000
18000
19000
20000
21000
22000
23000
24000
25000
26000
27000
28000
29000
30000
False
0 2
1000
2000
3000
4000
5000
6000
7000
8000
9000
10000
11000
12000
13000
14000
15000
16000
17000
18000
19000
20000
21000
22000
23000
24000
25000
26000
slurmstepd-scf-sm10: error: *** JOB 492708 ON scf-sm10 CANCELLED AT 2024-05-05T20:05:46 ***
