Namespace(method='kernelshap', dataset='credit', k=5, algo='nn', nruns=100, npts=10, alpha=0.1, save_topK=False)
kernelshap_credit_K5_fwers
0
0 0
False
0 1
False
0 2
False
0 3
False
0 4
False
1
0 0
False
0 1
False
0 2
False
0 3
False
0 4
False
2
0 0
False
0 1
False
0 2
False
0 3
False
0 4
False
3
0 0
False
0 1
False
0 2
False
0 3
False
0 4
False
4
0 0
False
0 1
False
0 2
False
0 3
False
0 4
False
5
0 0
False
0 1
False
0 2
False
0 3
False
0 4
False
6
0 0
False
0 1
False
0 2
False
0 3
False
0 4
False
7
0 0
False
0 1
False
0 2
False
0 3
False
0 4
False
8
0 0
False
0 1
False
0 2
False
0 3
False
0 4
False
9
0 0
False
0 1
False
0 2
False
0 3
False
0 4
False
10
0 0
False
0 1
False
0 2
False
0 3
False
0 4
False
11
0 0
False
0 1
False
0 2
False
0 3
False
0 4
False
12
0 0
False
0 1
False
0 2
False
0 3
False
0 4
False
13
0 0
False
0 1
False
0 2
False
0 3
False
0 4
False
14
0 0
False
0 1
False
0 2
False
0 3
False
0 4
False
15
0 0
False
0 1
slurmstepd-scf-sm21: error: *** JOB 492726 ON scf-sm21 CANCELLED AT 2024-05-05T21:38:52 ***
