Namespace(method='shap', dataset='credit', k=7, algo='nn', nruns=100, npts=10, alpha=0.2)
shap_credit_K7_fwers
0
1
2
3
4
5
6
7
8
9
10
11
12
50 0.06
100 0.04
#################### 1 0.040000000000000036 ####################
13
14
15
16
17
50 0.16
100 0.2
#################### 2 0.19999999999999996 ####################
18
50 0.04
100 0.02
#################### 3 0.020000000000000018 ####################
19
20
50 0.06
100 0.07
#################### 4 0.06999999999999995 ####################
21
22
23
50 0.1
100 0.12
#################### 5 0.12 ####################
24
25
50 0.0
100 0.0
#################### 6 0.0 ####################
26
27
50 0.16
100 0.11
#################### 7 0.10999999999999999 ####################
28
50 0.04
100 0.03
#################### 8 0.030000000000000027 ####################
29
50 0.02
100 0.04
#################### 9 0.040000000000000036 ####################
30
50 0.0
100 0.0
#################### 10 0.0 ####################
