Namespace(method='rankshap', dataset='bank', k=3, algo='nn', nruns=100, npts=10, alpha=0.2, save_topK=False)
rankshap_bank_K3_fwers
0
25 0.0
50 0.0
75 0.0
#################### 1 0.0  (idx  0 )  ####################
1
25 0.0
50 0.02
75 0.013
#################### 2 0.02  (idx  1 )  ####################
2
25 0.0
50 0.0
75 0.0
#################### 3 0.0  (idx  2 )  ####################
3
25 0.12
50 0.06
75 0.04
#################### 4 0.07  (idx  3 )  ####################
4
5
25 0.0
50 0.0
75 0.0
#################### 5 0.0  (idx  5 )  ####################
6
25 0.08
50 0.04
75 0.027
#################### 6 0.02  (idx  6 )  ####################
7
25 0.12
50 0.1
75 0.08
#################### 7 0.06  (idx  7 )  ####################
8
25 0.0
50 0.0
75 0.0
#################### 8 0.0  (idx  8 )  ####################
9
25 0.0
50 0.0
75 0.0
#################### 9 0.0  (idx  9 )  ####################
10
25 0.0
50 0.0
75 0.0
#################### 10 0.0  (idx  10 )  ####################
