Namespace(method='rankshap', dataset='breast_cancer', k=3, algo='nn', nruns=100, npts=10, alpha=0.2, save_topK=False)
rankshap_breast_cancer_K3_fwers
0
25 0.0
50 0.0
75 0.04
#################### 1 0.03  (idx  0 )  ####################
1
25 0.0
50 0.0
75 0.0
#################### 2 0.0  (idx  1 )  ####################
2
25 0.0
50 0.0
75 0.0
#################### 3 0.0  (idx  2 )  ####################
3
25 0.08
50 0.2
75 0.24
#################### 4 0.25  (idx  3 )  ####################
4
25 0.0
50 0.0
75 0.0
#################### 5 0.0  (idx  4 )  ####################
5
25 0.0
50 0.0
75 0.0
#################### 6 0.0  (idx  5 )  ####################
6
25 0.0
50 0.0
75 0.0
#################### 7 0.0  (idx  6 )  ####################
7
25 0.0
50 0.0
75 0.0
#################### 8 0.0  (idx  7 )  ####################
8
25 0.0
50 0.0
75 0.0
#################### 9 0.0  (idx  8 )  ####################
9
25 0.04
50 0.04
75 0.067
#################### 10 0.06  (idx  9 )  ####################
