Namespace(method='rankshap', dataset='bank', k=5, algo='nn', nruns=100, npts=10, alpha=0.1, save_topK=False)
rankshap_bank_K5_fwers
0
25 0.04
50 0.04
75 0.067
#################### 1 0.07  (idx  0 )  ####################
1
25 0.0
2
25 0.0
50 0.02
75 0.013
#################### 2 0.02  (idx  2 )  ####################
3
4
5
6
25 0.04
50 0.02
75 0.013
#################### 3 0.01  (idx  6 )  ####################
7
8
9
25 0.0
50 0.0
75 0.0
#################### 4 0.01  (idx  9 )  ####################
10
25 0.0
50 0.0
75 0.0
#################### 5 0.0  (idx  10 )  ####################
11
25 0.0
50 0.0
75 0.0
#################### 6 0.0  (idx  11 )  ####################
12
13
25 0.0
50 0.0
75 0.0
#################### 7 0.0  (idx  13 )  ####################
14
25 0.12
50 0.1
75 0.093
#################### 8 0.1  (idx  14 )  ####################
15
25 0.0
50 0.0
75 0.0
#################### 9 0.0  (idx  15 )  ####################
16
17
18
25 0.0
50 0.0
75 0.0
#################### 10 0.01  (idx  18 )  ####################
