Namespace(method='lime', dataset='brca', k=7, algo='nn', nruns=100, npts=10, alpha=0.2)
lime_brca_K7_fwers
0
1
2
3
50 0.0
100 0.0
#################### 1 0.0 ####################
4
5
6
7
50 0.0
100 0.0
#################### 2 0.0 ####################
8
9
10
11
12
13
14
15
16
17
18
50 0.0
100 0.0
#################### 3 0.0 ####################
19
50 0.0
100 0.0
#################### 4 0.0 ####################
20
21
22
23
24
25
26
27
28
29
50 0.66
100 0.63
#################### 5 0.63 ####################
30
31
32
33
34
35
50 0.66
100 0.61
#################### 6 0.61 ####################
36
37
50 0.0
100 0.0
#################### 7 0.0 ####################
38
39
50 0.0
100 0.0
#################### 8 0.0 ####################
40
41
50 0.0
42
50 0.0
100 0.0
#################### 9 0.0 ####################
43
44
45
46
47
48
50 0.0
100 0.0
#################### 10 0.0 ####################
