Namespace(method='rankshap', dataset='credit', k=3, algo='nn', nruns=100, npts=10, alpha=0.2, save_topK=False)
rankshap_credit_K3_fwers
0
25 0.04
50 0.04
75 0.027
#################### 1 0.03  (idx  0 )  ####################
1
25 0.0
50 0.0
75 0.0
#################### 2 0.0  (idx  1 )  ####################
2
25 0.0
50 0.0
75 0.0
#################### 3 0.0  (idx  2 )  ####################
3
25 0.0
50 0.0
75 0.0
#################### 4 0.01  (idx  3 )  ####################
4
25 0.0
50 0.0
75 0.0
#################### 5 0.0  (idx  4 )  ####################
5
6
7
25 0.0
50 0.0
75 0.0
#################### 6 0.0  (idx  7 )  ####################
8
25 0.0
50 0.0
75 0.0
#################### 7 0.0  (idx  8 )  ####################
9
25 0.0
50 0.06
75 0.093
#################### 8 0.1  (idx  9 )  ####################
10
25 0.0
50 0.0
75 0.0
#################### 9 0.0  (idx  10 )  ####################
11
25 0.0
50 0.0
75 0.0
#################### 10 0.0  (idx  11 )  ####################
