Namespace(method='lime', dataset='bank', k=5, algo='nn', nruns=100, npts=10, alpha=0.1, save_topK=False)
lime_bank_K5_fwers
0
25 0.0
50 0.0
75 0.0
#################### 1 0.0  (idx  0 )  ####################
1
2
3
4
5
6
25 0.0
50 0.0
75 0.0
#################### 2 0.0  (idx  6 )  ####################
7
8
9
10
25 0.0
50 0.0
75 0.0
#################### 3 0.0  (idx  10 )  ####################
11
12
13
14
15
16
17
18
25 0.0
50 0.0
75 0.0
#################### 4 0.0  (idx  18 )  ####################
19
20
21
22
23
24
25 0.0
50 0.0
75 0.0
#################### 5 0.0  (idx  24 )  ####################
25
26
27
25 0.0
50 0.0
75 0.0
#################### 6 0.0  (idx  27 )  ####################
28
29
30
31
32
33
34
25 0.0
50 0.0
75 0.0
#################### 7 0.0  (idx  34 )  ####################
35
36
25 0.0
50 0.0
75 0.0
#################### 8 0.0  (idx  36 )  ####################
37
38
39
40
41
25 0.0
50 0.0
75 0.0
#################### 9 0.0  (idx  41 )  ####################
42
43
44
45
46
47
25 0.0
50 0.0
75 0.0
#################### 10 0.0  (idx  47 )  ####################
