Namespace(method='rankshap', dataset='brca', k=2, algo='nn', nruns=100, npts=10, alpha=0.1, save_topK=False)
rankshap_brca_K2_fwers
0
1
2
25 0.0
50 0.0
75 0.0
#################### 1 0.0  (idx  2 )  ####################
3
25 0.0
50 0.0
75 0.0
#################### 2 0.0  (idx  3 )  ####################
4
25 0.0
50 0.0
75 0.0
#################### 3 0.0  (idx  4 )  ####################
5
6
25 0.0
50 0.0
75 0.0
#################### 4 0.0  (idx  6 )  ####################
7
25 0.0
50 0.0
75 0.0
#################### 5 0.0  (idx  7 )  ####################
8
25 0.0
50 0.0
75 0.0
#################### 6 0.01  (idx  8 )  ####################
9
10
25 0.0
50 0.0
75 0.0
#################### 7 0.0  (idx  10 )  ####################
11
25 0.0
50 0.0
75 0.0
#################### 8 0.0  (idx  11 )  ####################
12
25 0.0
50 0.0
75 0.0
#################### 9 0.0  (idx  12 )  ####################
13
25 0.04
50 0.02
75 0.013
#################### 10 0.01  (idx  13 )  ####################
