Namespace(method='kernelshap', dataset='credit', k=2, algo='nn', nruns=100, npts=10, alpha=0.1, save_topK=False)
kernelshap_credit_K2_fwers
0
0 0
True
1 1
True
2 2
True
3 3
True
4 4
True
5 5
True
6 6
True
7 7
True
8 8
True
9 9
True
10 10
True
11 11
True
12 12
True
13 13
True
14 14
True
15 15
True
16 16
True
17 17
True
18 18
True
19 19
True
20 20
True
21 21
True
22 22
True
23 23
True
24 24
True
25 25
True
26 26
True
27 27
True
28 28
True
29 29
True
30 30
True
31 31
True
32 32
True
33 33
True
34 34
True
35 35
True
36 36
True
37 37
True
38 38
True
39 39
True
40 40
True
41 41
True
42 42
True
43 43
True
44 44
True
45 45
True
46 46
True
47 47
True
48 48
True
49 49
True
50 0.0
50 50
True
51 51
True
52 52
True
53 53
True
54 54
True
55 55
True
56 56
True
57 57
True
58 58
True
59 59
True
60 60
True
61 61
True
62 62
True
63 63
True
64 64
True
65 65
True
66 66
True
67 67
True
68 68
True
69 69
True
70 70
True
71 71
True
72 72
True
73 73
True
74 74
True
75 75
True
76 76
True
77 77
True
78 78
True
79 79
True
80 80
True
81 81
True
82 82
True
83 83
True
84 84
True
85 85
True
86 86
True
87 87
True
88 88
True
89 89
True
90 90
True
91 91
True
92 92
True
93 93
True
94 94
True
95 95
True
96 96
True
97 97
True
98 98
True
99 99
True
100 0.0
#################### 1 0.0  (idx  0 )  ####################
1
0 0
True
1 1
True
2 2
True
3 3
True
4 4
True
5 5
True
6 6
True
7 7
False
7 8
False
7 9
True
8 10
True
9 11
True
10 12
True
11 13
False
11 14
True
12 15
True
13 16
True
14 17
True
15 18
True
16 19
True
17 20
False
17 21
True
18 22
False
18 23
True
19 24
True
20 25
False
20 26
False
2
0 0
True
1 1
True
2 2
True
3 3
False
3 4
False
3
0 0
False
0 1
True
1 2
True
2 3
False
2 4
False
4
0 0
True
1 1
True
2 2
True
3 3
True
4 4
True
5 5
True
6 6
True
7 7
True
8 8
True
9 9
True
10 10
True
11 11
True
12 12
True
13 13
True
14 14
True
15 15
True
16 16
True
17 17
True
18 18
True
19 19
True
20 20
True
21 21
True
22 22
True
23 23
True
24 24
True
25 25
True
26 26
True
27 27
False
27 28
True
28 29
False
28 30
True
29 31
True
30 32
False
30 33
True
31 34
True
32 35
True
33 36
True
34 37
True
35 38
True
36 39
False
36 40
True
37 41
False
37 42
False
37 43
True
38 44
True
39 45
True
40 46
True
41 47
True
42 48
True
43 49
True
44 50
True
45 51
True
46 52
True
47 53
True
48 54
True
49 55
True
50 0.0
50 56
True
51 57
True
52 58
False
52 59
True
53 60
True
54 61
True
55 62
False
55 63
True
56 64
True
57 65
True
58 66
True
59 67
True
60 68
True
61 69
True
62 70
True
63 71
True
64 72
True
65 73
True
66 74
False
66 75
True
67 76
True
68 77
True
69 78
True
70 79
False
70 80
True
71 81
True
72 82
True
73 83
True
74 84
True
75 85
True
76 86
True
77 87
True
78 88
True
79 89
True
80 90
True
81 91
True
82 92
True
83 93
True
84 94
True
85 95
True
86 96
True
87 97
True
88 98
True
89 99
True
90 100
True
91 101
True
92 102
True
93 103
True
94 104
True
95 105
True
96 106
True
97 107
True
98 108
True
99 109
True
100 0.0
#################### 2 0.0  (idx  4 )  ####################
5
0 0
False
0 1
False
0 2
False
0 3
False
0 4
False
6
0 0
False
0 1
False
0 2
False
0 3
False
0 4
False
7
0 0
True
1 1
True
2 2
True
3 3
True
4 4
False
4 5
True
5 6
True
6 7
False
6 8
True
7 9
True
8 10
True
9 11
False
9 12
True
10 13
True
11 14
True
12 15
True
13 16
True
14 17
True
15 18
False
15 19
False
15 20
True
16 21
True
17 22
True
18 23
False
18 24
True
19 25
True
20 26
False
8
0 0
True
1 1
True
2 2
True
3 3
True
4 4
True
5 5
True
6 6
True
7 7
True
8 8
True
9 9
True
10 10
True
11 11
True
12 12
True
13 13
True
14 14
True
15 15
True
16 16
True
17 17
True
18 18
True
19 19
True
20 20
True
21 21
True
22 22
True
23 23
True
24 24
True
25 25
True
26 26
True
27 27
True
28 28
True
29 29
True
30 30
True
31 31
True
32 32
True
33 33
True
34 34
True
35 35
True
36 36
True
37 37
True
38 38
True
39 39
True
40 40
True
41 41
True
42 42
False
42 43
True
43 44
True
44 45
True
45 46
True
46 47
True
47 48
True
48 49
True
49 50
True
50 0.0
50 51
True
51 52
True
52 53
True
53 54
True
54 55
True
55 56
True
56 57
True
57 58
True
58 59
True
59 60
True
60 61
True
61 62
True
62 63
True
63 64
True
64 65
True
65 66
True
66 67
True
67 68
True
68 69
True
69 70
True
70 71
True
71 72
True
72 73
True
73 74
True
74 75
True
75 76
True
76 77
True
77 78
True
78 79
True
79 80
True
80 81
True
81 82
True
82 83
True
83 84
True
84 85
True
85 86
True
86 87
True
87 88
True
88 89
True
89 90
True
90 91
True
91 92
True
92 93
True
93 94
False
93 95
True
94 96
True
95 97
True
96 98
True
97 99
True
98 100
True
99 101
True
100 0.0
#################### 3 0.0  (idx  8 )  ####################
9
0 0
True
1 1
True
2 2
True
3 3
True
4 4
True
5 5
True
6 6
True
7 7
True
8 8
True
9 9
True
10 10
True
11 11
True
12 12
True
13 13
True
14 14
True
15 15
True
16 16
True
17 17
True
18 18
True
19 19
True
20 20
True
21 21
True
22 22
True
23 23
True
24 24
True
25 25
True
26 26
True
27 27
True
28 28
True
29 29
True
30 30
True
31 31
True
32 32
True
33 33
True
34 34
True
35 35
True
36 36
True
37 37
True
38 38
True
39 39
True
40 40
True
41 41
True
42 42
True
43 43
True
44 44
True
45 45
True
46 46
True
47 47
True
48 48
True
49 49
True
50 0.0
50 50
True
51 51
True
52 52
True
53 53
True
54 54
True
55 55
True
56 56
True
57 57
True
58 58
True
59 59
True
60 60
True
61 61
True
62 62
True
63 63
True
64 64
True
65 65
True
66 66
True
67 67
True
68 68
True
69 69
True
70 70
True
71 71
True
72 72
True
73 73
True
74 74
True
75 75
True
76 76
True
77 77
True
78 78
True
79 79
True
80 80
True
81 81
True
82 82
True
83 83
True
84 84
True
85 85
True
86 86
True
87 87
True
88 88
True
89 89
True
90 90
True
91 91
True
92 92
True
93 93
True
94 94
True
95 95
True
96 96
True
97 97
True
98 98
True
99 99
True
100 0.0
#################### 4 0.0  (idx  9 )  ####################
10
0 0
True
1 1
True
2 2
True
3 3
True
4 4
True
5 5
True
6 6
True
7 7
True
8 8
True
9 9
True
10 10
True
11 11
True
12 12
True
13 13
True
14 14
True
15 15
True
16 16
True
17 17
True
18 18
True
19 19
True
20 20
True
21 21
True
22 22
True
23 23
True
24 24
True
25 25
True
26 26
True
27 27
True
28 28
True
29 29
True
30 30
True
31 31
True
32 32
True
33 33
True
34 34
True
35 35
True
36 36
True
37 37
True
38 38
True
39 39
True
40 40
True
41 41
True
42 42
True
43 43
True
44 44
True
45 45
True
46 46
True
47 47
True
48 48
True
49 49
True
50 0.0
50 50
True
51 51
True
52 52
True
53 53
True
54 54
True
55 55
True
56 56
True
57 57
True
58 58
True
59 59
True
60 60
True
61 61
True
62 62
True
63 63
True
64 64
True
65 65
True
66 66
True
67 67
True
68 68
True
69 69
True
70 70
True
71 71
True
72 72
True
73 73
True
74 74
True
75 75
True
76 76
True
77 77
True
78 78
True
79 79
True
80 80
True
81 81
True
82 82
True
83 83
True
84 84
True
85 85
True
86 86
True
87 87
True
88 88
True
89 89
True
90 90
True
91 91
True
92 92
True
93 93
True
94 94
True
95 95
True
96 96
True
97 97
True
98 98
True
99 99
True
100 0.0
#################### 5 0.0  (idx  10 )  ####################
11
0 0
True
1 1
False
1 2
False
1 3
False
1 4
False
12
0 0
True
1 1
True
2 2
True
3 3
True
4 4
True
5 5
True
6 6
True
7 7
True
8 8
True
9 9
True
10 10
True
11 11
True
12 12
True
13 13
True
14 14
True
15 15
True
16 16
True
17 17
True
18 18
True
19 19
True
20 20
True
21 21
True
22 22
True
23 23
True
24 24
True
25 25
True
26 26
True
27 27
True
28 28
True
29 29
True
30 30
True
31 31
True
32 32
True
33 33
True
34 34
slurmstepd-scf-sm21: error: *** JOB 492725 ON scf-sm21 CANCELLED AT 2024-05-05T21:38:52 ***
