Namespace(method='rankshap', dataset='bank', k=7, algo='nn', nruns=100, npts=10, alpha=0.2, save_topK=False)
rankshap_bank_K7_fwers
0
25 0.08
50 0.08
75 0.067
#################### 1 0.05  (idx  0 )  ####################
1
25 0.04
50 0.06
75 0.08
#################### 2 0.06  (idx  1 )  ####################
2
3
4
5
6
7
25 0.16
50 0.12
75 0.093
#################### 3 0.1  (idx  7 )  ####################
8
25 0.2
50 0.14
75 0.2
#################### 4 0.19  (idx  8 )  ####################
9
10
11
25 0.28
50 0.32
75 0.307
#################### 5 0.27  (idx  11 )  ####################
12
13
25 0.0
50 0.0
75 0.013
#################### 6 0.01  (idx  13 )  ####################
14
25 0.12
50 0.08
75 0.067
#################### 7 0.1  (idx  14 )  ####################
15
16
17
18
25 0.0
50 0.02
75 0.027
#################### 8 0.02  (idx  18 )  ####################
19
20
21
22
23
24
25 0.0
50 0.0
75 0.0
#################### 9 0.0  (idx  24 )  ####################
25
26
27
28
25 0.04
50 0.08
75 0.067
#################### 10 0.06  (idx  28 )  ####################
