Namespace(method='shap', dataset='bank', k=7, algo='nn', nruns=100, npts=10, alpha=0.2)
shap_bank_K7_fwers
0
1
2
3
4
5
6
7
8
9
10
11
12
13
14
15
16
17
18
50 0.02
100 0.06
#################### 1 0.06000000000000005 ####################
19
20
21
22
23
24
25
26
27
28
29
30
31
32
33
34
35
36
37
38
39
40
41
42
43
50 0.04
100 0.04
#################### 2 0.040000000000000036 ####################
44
45
46
47
48
49
50
51
52
53
54
55
56
50 0.0
100 0.0
#################### 3 0.0 ####################
57
58
59
60
61
50 0.04
100 0.05
#################### 4 0.050000000000000044 ####################
62
63
64
65
50 0.0
100 0.0
#################### 5 0.0 ####################
66
67
68
69
70
50 0.0
100 0.02
#################### 6 0.020000000000000018 ####################
71
72
73
74
75
76
77
78
79
80
81
82
83
84
85
50 0.1
100 0.07
#################### 7 0.06999999999999995 ####################
86
87
88
50 0.0
100 0.0
#################### 8 0.0 ####################
89
90
50 0.08
100 0.07
#################### 9 0.06999999999999995 ####################
91
92
93
94
95
50 0.0
100 0.01
#################### 10 0.010000000000000009 ####################
