Namespace(method='shap', dataset='census', k=3, algo='nn', nruns=100, npts=10, alpha=0.2)
shap_census_K3_fwers
0
50 0.0
100 0.0
#################### 1 0.0 ####################
1
50 0.02
100 0.01
#################### 2 0.010000000000000009 ####################
2
50 0.02
100 0.02
#################### 3 0.020000000000000018 ####################
3
50 0.0
100 0.0
#################### 4 0.0 ####################
4
50 0.04
100 0.03
#################### 5 0.030000000000000027 ####################
5
50 0.0
100 0.0
#################### 6 0.0 ####################
6
50 0.0
100 0.0
#################### 7 0.0 ####################
7
50 0.22
100 0.19
#################### 8 0.18999999999999995 ####################
8
50 0.0
100 0.0
#################### 9 0.0 ####################
9
50 0.0
100 0.0
#################### 10 0.0 ####################
