Namespace(method='kernelshap', dataset='brca', k=3, algo='nn', nruns=100, npts=10, alpha=0.2, save_topK=False)
kernelshap_brca_K3_fwers
0
1
2
3
4
5
6
25 0.0
50 0.0
75 0.0
#################### 1 0.0  (idx  6 )  ####################
7
25 0.0
50 0.02
75 0.013
#################### 2 0.01  (idx  7 )  ####################
8
9
10
11
12
13
14
15
16
25 0.0
50 0.0
75 0.0
#################### 3 0.0  (idx  16 )  ####################
17
18
19
20
21
22
25 0.0
50 0.0
75 0.0
#################### 4 0.0  (idx  22 )  ####################
23
24
25
26
27
28
25 0.0
50 0.0
75 0.0
#################### 5 0.0  (idx  28 )  ####################
29
30
31
32
33
34
35
36
37
38
39
40
25 0.0
50 0.0
75 0.0
#################### 6 0.0  (idx  40 )  ####################
41
42
43
44
45
46
47
48
49
50
51
52
53
54
55
56
25 0.0
50 0.0
75 0.0
#################### 7 0.0  (idx  56 )  ####################
57
58
59
60
61
62
63
64
65
66
67
68
69
25 0.0
50 0.0
75 0.0
#################### 8 0.01  (idx  69 )  ####################
70
71
72
73
25 0.0
50 0.0
75 0.0
#################### 9 0.0  (idx  73 )  ####################
74
75
76
77
78
79
25 0.0
50 0.0
80
25 0.0
50 0.0
75 0.0
#################### 10 0.0  (idx  80 )  ####################
