Namespace(method='lime', dataset='brca', k=2, algo='nn', nruns=100, npts=10, alpha=0.1, save_topK=False)
lime_brca_K2_fwers
0
50 0.0
100 0.0
#################### 1 0.0  (idx  0 )  ####################
1
50 0.0
100 0.0
#################### 2 0.0  (idx  1 )  ####################
2
50 0.0
100 0.0
#################### 3 0.0  (idx  2 )  ####################
3
50 0.0
100 0.0
#################### 4 0.0  (idx  3 )  ####################
4
50 0.0
100 0.0
#################### 5 0.0  (idx  4 )  ####################
5
50 0.0
100 0.0
#################### 6 0.0  (idx  5 )  ####################
6
50 0.0
100 0.0
#################### 7 0.0  (idx  6 )  ####################
7
50 0.0
100 0.0
#################### 8 0.0  (idx  7 )  ####################
8
50 0.0
100 0.0
#################### 9 0.0  (idx  8 )  ####################
9
50 0.0
100 0.0
#################### 10 0.0  (idx  9 )  ####################
