Namespace(method='kernelshap', dataset='breast_cancer', k=2, algo='nn', nruns=100, npts=10, alpha=0.1, save_topK=False)
kernelshap_breast_cancer_K2_fwers
0
1
25 0.0
50 0.0
75 0.0
#################### 1 0.0  (idx  1 )  ####################
2
3
4
25 0.0
50 0.0
75 0.0
#################### 2 0.0  (idx  4 )  ####################
5
6
7
25 0.0
50 0.0
75 0.0
#################### 3 0.0  (idx  7 )  ####################
8
25 0.0
50 0.0
75 0.0
#################### 4 0.0  (idx  8 )  ####################
9
10
25 0.0
50 0.0
75 0.0
#################### 5 0.0  (idx  10 )  ####################
11
12
25 0.0
50 0.0
75 0.0
#################### 6 0.0  (idx  12 )  ####################
13
14
15
16
17
18
25 0.0
50 0.0
75 0.0
#################### 7 0.0  (idx  18 )  ####################
19
20
21
22
25 0.0
50 0.0
75 0.0
#################### 8 0.0  (idx  22 )  ####################
23
24
25
25 0.0
50 0.0
75 0.0
#################### 9 0.0  (idx  25 )  ####################
26
27
28
29
30
