Namespace(method='lime', dataset='credit', k=5, algo='nn', nruns=100, npts=10, alpha=0.1, save_topK=False)
lime_credit_K5_fwers
0
50 0.0
100 0.0
#################### 1 0.0  (idx  0 )  ####################
1
2
3
4
5
50 0.0
100 0.0
#################### 2 0.0  (idx  5 )  ####################
6
7
8
9
50 0.0
100 0.0
#################### 3 0.0  (idx  9 )  ####################
10
11
50 0.0
100 0.0
#################### 4 0.0  (idx  11 )  ####################
12
50 0.02
100 0.01
#################### 5 0.01  (idx  12 )  ####################
13
14
15
16
50 0.06
100 0.03
#################### 6 0.03  (idx  16 )  ####################
17
18
19
50 0.8
100 0.72
#################### 7 0.72  (idx  19 )  ####################
20
50 0.12
100 0.13
#################### 8 0.13  (idx  20 )  ####################
21
50 0.0
100 0.0
#################### 9 0.0  (idx  21 )  ####################
22
50 0.0
100 0.0
#################### 10 0.0  (idx  22 )  ####################
