Namespace(method='lime', dataset='brca', k=3, algo='nn', nruns=100, npts=10, alpha=0.2)
lime_brca_K3_fwers
0
50 0.0
100 0.0
#################### 1 0.0 ####################
1
50 0.0
100 0.0
#################### 2 0.0 ####################
2
3
50 0.0
100 0.0
#################### 3 0.0 ####################
4
50 0.0
100 0.0
#################### 4 0.0 ####################
5
50 0.0
100 0.0
#################### 5 0.0 ####################
6
7
50 0.0
100 0.02
#################### 6 0.020000000000000018 ####################
8
50 0.0
100 0.0
#################### 7 0.0 ####################
9
50 0.0
100 0.01
#################### 8 0.010000000000000009 ####################
10
11
50 0.0
100 0.0
#################### 9 0.0 ####################
12
13
50 0.0
100 0.0
#################### 10 0.0 ####################
