Namespace(method='shap', dataset='census', k=7, algo='nn', nruns=100, npts=10, alpha=0.2)
shap_census_K7_fwers
0
50 0.2
100 0.19
#################### 1 0.18999999999999995 ####################
1
2
50 0.02
100 0.07
#################### 2 0.06999999999999995 ####################
3
50 0.02
100 0.03
#################### 3 0.030000000000000027 ####################
4
5
6
7
50 0.0
100 0.02
#################### 4 0.020000000000000018 ####################
8
50 0.14
100 0.22
#################### 5 0.21999999999999997 ####################
9
50 0.16
100 0.2
#################### 6 0.19999999999999996 ####################
10
50 0.44
100 0.4
#################### 7 0.4 ####################
11
12
13
14
15
50 0.1
100 0.08
#################### 8 0.07999999999999996 ####################
16
17
50 0.04
100 0.07
#################### 9 0.06999999999999995 ####################
18
19
20
50 0.1
100 0.13
#################### 10 0.13 ####################
