Namespace(method='kernelshap', dataset='brca', k=2, algo='nn', nruns=100, npts=10, alpha=0.1, save_topK=False)
kernelshap_brca_K2_fwers
0
1
2
3
25 0.0
50 0.0
75 0.0
#################### 1 0.0  (idx  3 )  ####################
4
5
6
7
8
9
10
11
12
13
25 0.0
50 0.0
75 0.0
#################### 2 0.0  (idx  13 )  ####################
14
25 0.0
50 0.0
75 0.0
#################### 3 0.0  (idx  14 )  ####################
15
16
25 0.0
50 0.0
75 0.0
#################### 4 0.0  (idx  16 )  ####################
17
25 0.0
50 0.0
75 0.0
#################### 5 0.0  (idx  17 )  ####################
18
25 0.0
50 0.0
75 0.0
#################### 6 0.0  (idx  18 )  ####################
19
25 0.0
50 0.0
75 0.0
#################### 7 0.0  (idx  19 )  ####################
20
25 0.0
50 0.0
75 0.0
#################### 8 0.0  (idx  20 )  ####################
21
22
25 0.0
50 0.0
75 0.0
#################### 9 0.0  (idx  22 )  ####################
23
25 0.0
50 0.0
75 0.0
#################### 10 0.0  (idx  23 )  ####################
