Namespace(method='shap', dataset='brca', k=3, algo='nn', nruns=100, npts=10, alpha=0.2)
shap_brca_K3_fwers
0
1
2
50 0.02
100 0.01
#################### 1 0.010000000000000009 ####################
3
50 0.0
100 0.0
#################### 2 0.0 ####################
4
50 0.02
100 0.02
#################### 3 0.020000000000000018 ####################
5
6
50 0.02
100 0.01
#################### 4 0.010000000000000009 ####################
7
50 0.0
100 0.01
#################### 5 0.010000000000000009 ####################
8
50 0.04
100 0.03
#################### 6 0.030000000000000027 ####################
9
10
11
50 0.0
100 0.0
#################### 7 0.0 ####################
12
50 0.0
100 0.0
#################### 8 0.0 ####################
13
50 0.0
100 0.0
#################### 9 0.0 ####################
14
15
50 0.0
100 0.01
#################### 10 0.010000000000000009 ####################
