Namespace(method='lime', dataset='credit', k=7, algo='nn', nruns=100, npts=10, alpha=0.2)
lime_credit_K7_fwers
0
50 0.0
100 0.0
#################### 1 0.0 ####################
1
50 0.0
100 0.0
#################### 2 0.0 ####################
2
50 0.0
100 0.0
#################### 3 0.0 ####################
3
50 0.0
100 0.0
#################### 4 0.0 ####################
4
50 0.0
100 0.0
#################### 5 0.0 ####################
5
6
7
8
50 0.0
100 0.0
#################### 6 0.0 ####################
9
50 0.0
100 0.0
#################### 7 0.0 ####################
10
11
50 0.0
100 0.0
#################### 8 0.0 ####################
12
13
14
50 0.0
100 0.0
#################### 9 0.0 ####################
15
50 0.0
100 0.0
#################### 10 0.0 ####################
