Namespace(method='rankshap', dataset='census', k=5, algo='nn', nruns=100, npts=10, alpha=0.1, save_topK=False)
rankshap_census_K5_fwers
0
25 0.0
50 0.0
75 0.0
#################### 1 0.0  (idx  0 )  ####################
1
25 0.0
50 0.0
75 0.0
#################### 2 0.0  (idx  1 )  ####################
2
25 0.0
50 0.0
75 0.0
#################### 3 0.0  (idx  2 )  ####################
3
25 0.0
50 0.0
75 0.0
#################### 4 0.0  (idx  3 )  ####################
4
25 0.0
50 0.0
75 0.0
#################### 5 0.0  (idx  4 )  ####################
5
25 0.0
50 0.04
75 0.027
#################### 6 0.03  (idx  5 )  ####################
6
25 0.0
50 0.02
75 0.013
#################### 7 0.01  (idx  6 )  ####################
7
25 0.04
50 0.02
75 0.013
#################### 8 0.01  (idx  7 )  ####################
8
25 0.04
50 0.02
75 0.027
#################### 9 0.02  (idx  8 )  ####################
9
25 0.0
50 0.0
75 0.0
#################### 10 0.0  (idx  9 )  ####################
