Namespace(method='lime', dataset='brca', k=3, algo='nn', nruns=100, npts=10, alpha=0.2)
lime_brca_K3_fwers
0
50 0.02
100 0.02
#################### 1 0.020000000000000018 ####################
1
50 0.0
100 0.0
#################### 2 0.0 ####################
2
3
50 0.0
100 0.0
#################### 3 0.0 ####################
4
50 0.0
100 0.0
#################### 4 0.0 ####################
5
6
50 0.0
100 0.0
#################### 5 0.0 ####################
7
50 0.0
100 0.0
#################### 6 0.0 ####################
8
50 0.0
100 0.0
#################### 7 0.0 ####################
9
50 0.0
100 0.0
#################### 8 0.0 ####################
10
50 0.0
100 0.0
#################### 9 0.0 ####################
11
50 0.0
100 0.0
#################### 10 0.0 ####################
