Namespace(method='rankshap', dataset='census', k=7, algo='nn', nruns=100, npts=10, alpha=0.2, save_topK=False)
rankshap_census_K7_fwers
0
25 0.0
50 0.04
75 0.053
#################### 1 0.04  (idx  0 )  ####################
1
2
25 0.0
50 0.0
75 0.013
#################### 2 0.01  (idx  2 )  ####################
3
25 0.0
50 0.0
75 0.0
#################### 3 0.0  (idx  3 )  ####################
4
5
6
7
25 0.0
50 0.02
75 0.013
#################### 4 0.01  (idx  7 )  ####################
8
25 0.04
50 0.06
75 0.093
#################### 5 0.08  (idx  8 )  ####################
9
25 0.12
50 0.1
75 0.093
#################### 6 0.09  (idx  9 )  ####################
10
25 0.08
50 0.06
75 0.133
#################### 7 0.15  (idx  10 )  ####################
11
25 0.04
50 0.02
75 0.013
#################### 8 0.01  (idx  11 )  ####################
12
13
25 0.0
50 0.0
75 0.013
#################### 9 0.01  (idx  13 )  ####################
14
15
25 0.0
50 0.04
75 0.027
#################### 10 0.03  (idx  15 )  ####################
