Namespace(method='shap', dataset='credit', k=3, algo='nn', nruns=100, npts=10, alpha=0.2)
shap_credit_K3_fwers
0
50 0.08
100 0.06
#################### 1 0.06000000000000005 ####################
1
50 0.0
100 0.01
#################### 2 0.010000000000000009 ####################
2
50 0.0
100 0.0
#################### 3 0.0 ####################
3
50 0.02
100 0.03
#################### 4 0.030000000000000027 ####################
4
50 0.02
100 0.01
#################### 5 0.010000000000000009 ####################
5
6
7
50 0.0
100 0.0
#################### 6 0.0 ####################
8
50 0.0
100 0.0
#################### 7 0.0 ####################
9
10
50 0.0
100 0.0
#################### 8 0.0 ####################
11
50 0.0
100 0.0
#################### 9 0.0 ####################
12
50 0.0
100 0.0
#################### 10 0.0 ####################
