Namespace(method='shap', dataset='breast_cancer', k=3, algo='nn', nruns=100, npts=10, alpha=0.2)
shap_breast_cancer_K3_fwers
0
50 0.0
100 0.0
#################### 1 0.0 ####################
1
50 0.02
100 0.04
#################### 2 0.040000000000000036 ####################
2
50 0.0
100 0.02
#################### 3 0.020000000000000018 ####################
3
50 0.04
100 0.04
#################### 4 0.040000000000000036 ####################
4
50 0.12
100 0.15
#################### 5 0.15000000000000002 ####################
5
50 0.0
100 0.0
#################### 6 0.0 ####################
6
7
50 0.0
100 0.0
#################### 7 0.0 ####################
8
50 0.0
100 0.0
#################### 8 0.0 ####################
9
10
50 0.04
100 0.02
#################### 9 0.020000000000000018 ####################
11
12
50 0.04
100 0.04
#################### 10 0.040000000000000036 ####################
