Namespace(method='kernelshap', dataset='census', k=3, algo='nn', nruns=100, npts=10, alpha=0.2, save_topK=False)
kernelshap_census_K3_fwers
0
1
2
25 0.0
50 0.0
75 0.0
#################### 1 0.0  (idx  2 )  ####################
3
25 0.0
50 0.0
75 0.0
#################### 2 0.0  (idx  3 )  ####################
4
5
25 0.0
50 0.0
75 0.0
#################### 3 0.0  (idx  5 )  ####################
6
7
8
9
25 0.0
50 0.0
75 0.0
#################### 4 0.0  (idx  9 )  ####################
10
25 0.0
50 0.0
75 0.0
#################### 5 0.0  (idx  10 )  ####################
11
25 0.0
50 0.0
75 0.0
#################### 6 0.0  (idx  11 )  ####################
12
13
