Namespace(method='rankshap', dataset='breast_cancer', k=7, algo='nn', nruns=100, npts=10, alpha=0.2, save_topK=False)
rankshap_breast_cancer_K7_fwers
0
25 0.0
50 0.0
75 0.013
#################### 1 0.01  (idx  0 )  ####################
1
25 0.32
50 0.32
75 0.28
#################### 2 0.25  (idx  1 )  ####################
2
25 0.0
50 0.0
75 0.013
#################### 3 0.02  (idx  2 )  ####################
3
25 0.04
50 0.02
75 0.04
#################### 4 0.05  (idx  3 )  ####################
4
5
25 0.0
50 0.0
75 0.0
#################### 5 0.0  (idx  5 )  ####################
6
25 0.0
50 0.0
75 0.0
#################### 6 0.0  (idx  6 )  ####################
7
25 0.0
50 0.0
75 0.0
#################### 7 0.01  (idx  7 )  ####################
8
25 0.08
50 0.04
75 0.067
#################### 8 0.06  (idx  8 )  ####################
9
25 0.0
50 0.0
75 0.027
#################### 9 0.02  (idx  9 )  ####################
10
25 0.24
50 0.24
75 0.213
#################### 10 0.2  (idx  10 )  ####################
