Namespace(method='rankshap', dataset='credit', k=5, algo='nn', nruns=100, npts=10, alpha=0.1, save_topK=False)
rankshap_credit_K5_fwers
0
1
2
3
4
5
6
7
25 0.0
50 0.0
75 0.013
#################### 1 0.01  (idx  7 )  ####################
8
25 0.0
50 0.0
75 0.0
#################### 2 0.01  (idx  8 )  ####################
9
10
25 0.0
11
25 0.0
50 0.0
75 0.0
#################### 3 0.0  (idx  11 )  ####################
12
25 0.0
50 0.0
75 0.0
#################### 4 0.0  (idx  12 )  ####################
13
14
15
16
17
25 0.0
50 0.0
75 0.0
#################### 5 0.0  (idx  17 )  ####################
18
25 0.0
50 0.04
75 0.027
#################### 6 0.04  (idx  18 )  ####################
19
20
25 0.0
50 0.0
75 0.013
#################### 7 0.01  (idx  20 )  ####################
21
22
23
25 0.0
50 0.0
75 0.0
#################### 8 0.0  (idx  23 )  ####################
24
25 0.0
50 0.0
75 0.0
#################### 9 0.0  (idx  24 )  ####################
25
25 0.0
50 0.0
75 0.0
#################### 10 0.0  (idx  25 )  ####################
