shap_vals_k5
8140
0
50 0.0
100 0.0
150 0.0
200 0.0
250 0.0
#################### 1 0.0 ####################
1
50 0.06
100 0.03
150 0.03
200 0.04
250 0.04
#################### 2 0.04 ####################
2
50 0.04
100 0.05
150 0.05
200 0.05
250 0.05
#################### 3 0.05 ####################
3
50 0.0
100 0.0
150 0.0
200 0.01
250 0.01
#################### 4 0.01 ####################
4
50 0.0
100 0.0
150 0.02
200 0.02
250 0.02
#################### 5 0.02 ####################
5
50 0.12
100 0.09
150 0.07
200 0.07
250 0.07
#################### 6 0.07 ####################
6
50 0.04
100 0.05
150 0.05
200 0.06
250 0.06
#################### 7 0.06 ####################
7
50 0.12
100 0.12
150 0.16
200 0.17
250 0.16
#################### 8 0.16 ####################
8
50 0.14
100 0.13
150 0.12
200 0.12
250 0.11
#################### 9 0.11 ####################
9
50 0.02
100 0.01
150 0.01
200 0.01
250 0.01
#################### 10 0.01 ####################
10
50 0.0
100 0.0
150 0.0
200 0.0
250 0.0
#################### 11 0.0 ####################
11
50 0.1
100 0.09
150 0.09
200 0.08
250 0.08
#################### 12 0.08 ####################
12
13
14
15
50 0.12
100 0.08
150 0.09
200 0.09
250 0.08
#################### 13 0.08 ####################
16
17
50 0.02
100 0.03
150 0.02
200 0.03
250 0.02
#################### 14 0.02 ####################
18
19
20
50 0.08
100 0.05
150 0.08
200 0.08
250 0.09
#################### 15 0.09 ####################
21
50 0.02
100 0.02
150 0.03
200 0.03
250 0.02
#################### 16 0.02 ####################
22
50 0.02
100 0.02
150 0.01
200 0.01
250 0.01
#################### 17 0.01 ####################
23
24
50 0.0
100 0.02
150 0.02
200 0.03
250 0.03
#################### 18 0.03 ####################
25
26
27
50 0.08
100 0.08
150 0.1
200 0.12
250 0.12
#################### 19 0.12 ####################
28
50 0.04
100 0.05
150 0.05
200 0.05
250 0.04
#################### 20 0.04 ####################
29
30
50 0.0
100 0.01
150 0.02
200 0.03
250 0.02
#################### 21 0.02 ####################
31
32
33
50 0.06
100 0.06
150 0.05
200 0.06
250 0.06
#################### 22 0.06 ####################
34
50 0.1
100 0.06
150 0.1
