shap_vals_k2
8140
0
50 0.0
100 0.0
150 0.0
200 0.0
250 0.0
#################### 250 0.0 ####################
1
50 0.0
100 0.01
150 0.01
200 0.01
250 0.0
#################### 250 0.0 ####################
2
50 0.0
100 0.0
150 0.0
200 0.0
250 0.0
#################### 250 0.0 ####################
3
50 0.0
100 0.0
150 0.01
200 0.01
250 0.0
#################### 250 0.0 ####################
4
50 0.06
100 0.03
150 0.02
200 0.03
250 0.03
#################### 250 0.03 ####################
5
50 0.0
100 0.0
150 0.0
200 0.0
250 0.0
#################### 250 0.0 ####################
6
50 0.04
100 0.03
150 0.02
200 0.02
250 0.01
#################### 250 0.01 ####################
7
50 0.0
100 0.0
150 0.0
200 0.0
250 0.0
#################### 250 0.0 ####################
8
50 0.04
100 0.05
150 0.05
200 0.05
250 0.04
#################### 250 0.04 ####################
9
50 0.0
100 0.0
150 0.0
200 0.0
250 0.0
#################### 250 0.0 ####################
10
50 0.0
100 0.0
150 0.0
200 0.0
250 0.0
#################### 250 0.0 ####################
11
50 0.0
100 0.02
150 0.01
200 0.01
250 0.02
#################### 250 0.02 ####################
12
50 0.06
100 0.05
150 0.04
200 0.05
250 0.04
#################### 250 0.04 ####################
13
50 0.08
100 0.06
150 0.07
200 0.06
250 0.06
#################### 250 0.06 ####################
14
50 0.18
100 0.13
150 0.12
200 0.09
250 0.1
#################### 250 0.1 ####################
15
50 0.0
100 0.02
150 0.02
200 0.02
250 0.01
#################### 250 0.01 ####################
16
50 0.0
100 0.0
150 0.0
200 0.0
250 0.0
#################### 250 0.0 ####################
17
50 0.08
100 0.05
150 0.06
200 0.06
250 0.08
#################### 250 0.08 ####################
18
50 0.0
100 0.0
150 0.0
200 0.0
250 0.0
#################### 250 0.0 ####################
19
50 0.06
100 0.07
150 0.09
200 0.08
250 0.08
#################### 250 0.08 ####################
20
50 0.0
100 0.0
150 0.0
200 0.0
250 0.0
#################### 250 0.0 ####################
21
50 0.04
100 0.05
150 0.05
200 0.07
250 0.08
#################### 250 0.08 ####################
22
50 0.0
100 0.0
150 0.0
200 0.0
250 0.0
#################### 250 0.0 ####################
23
24
50 0.0
100 0.0
150 0.0
200 0.0
250 0.0
#################### 250 0.0 ####################
25
50 0.04
100 0.06
150 0.04
200 0.05
250 0.04
#################### 250 0.04 ####################
26
50 0.0
100 0.0
150 0.0
200 0.0
250 0.0
#################### 250 0.0 ####################
27
50 0.0
100 0.0
150 0.0
200 0.0
250 0.0
#################### 250 0.0 ####################
28
50 0.04
100 0.03
150 0.05
200 0.05
250 0.04
#################### 250 0.04 ####################
29
50 0.0
100 0.0
150 0.0
200 0.0
250 0.0
#################### 250 0.0 ####################
30
50 0.02
100 0.02
150 0.03
200 0.02
250 0.03
#################### 250 0.03 ####################
