Namespace(method='rankshap', dataset='breast_cancer', k=2, algo='nn', nruns=50, npts=30, alpha=0.1, guarantee='rank')
rankshap_breast_cancer_K2
0
25 0.0
#################### 1 0.0  (idx  0 )  ####################
1
25 0.0
#################### 2 0.0  (idx  1 )  ####################
2
25 0.0
#################### 3 0.0  (idx  2 )  ####################
3
25 0.0
#################### 4 0.0  (idx  3 )  ####################
4
25 0.0
5
25 0.0
#################### 5 0.0  (idx  5 )  ####################
6
25 0.0
#################### 6 0.0  (idx  6 )  ####################
7
25 0.0
#################### 7 0.0  (idx  7 )  ####################
8
25 0.0
#################### 8 0.0  (idx  8 )  ####################
9
25 0.0
