Namespace(method='sprtshap', dataset='census', k=2, algo='nn', nruns=50, npts=30, alpha=0.1, guarantee='set')
sprtshap_census_K2
0
25 0.0
1
25 0.0
2
25 0.0
3
25 0.0
#################### 1 0.0  (idx  3 )  ####################
4
25 0.0
#################### 2 0.0  (idx  4 )  ####################
5
25 0.0
#################### 3 0.0  (idx  5 )  ####################
6
25 0.0
7
25 0.0
#################### 4 0.0  (idx  7 )  ####################
8
9
25 0.0
10
25 0.0
#################### 5 0.0  (idx  10 )  ####################
11
25 0.0
12
13
14
25 0.0
#################### 6 0.0  (idx  14 )  ####################
15
16
25 0.0
#################### 7 0.0  (idx  16 )  ####################
17
18
25 0.0
#################### 8 0.0  (idx  18 )  ####################
19
25 0.0
20
25 0.0
21
22
23
24
25 0.0
25
26
25 0.0
#################### 9 0.0  (idx  26 )  ####################
27
25 0.0
#################### 10 0.0  (idx  27 )  ####################
28
29
25 0.0
#################### 11 0.0  (idx  29 )  ####################
30
25 0.0
#################### 12 0.0  (idx  30 )  ####################
31
25 0.0
#################### 13 0.0  (idx  31 )  ####################
32
25 0.0
#################### 14 0.0  (idx  32 )  ####################
33
25 0.0
34
25 0.026
35
25 0.0
#################### 15 0.0  (idx  35 )  ####################
36
25 0.0
#################### 16 0.0  (idx  36 )  ####################
37
25 0.0
#################### 17 0.0  (idx  37 )  ####################
38
25 0.0
#################### 18 0.0  (idx  38 )  ####################
39
25 0.0
40
25 0.0
41
25 0.0
42
25 0.0
43
44
25 0.0
#################### 19 0.0  (idx  44 )  ####################
45
25 0.0
#################### 20 0.0  (idx  45 )  ####################
46
25 0.0
47
25 0.0
#################### 21 0.0  (idx  47 )  ####################
48
25 0.0
#################### 22 0.0  (idx  48 )  ####################
49
25 0.0
50
25 0.0
#################### 23 0.0  (idx  50 )  ####################
51
25 0.0
52
53
54
25 0.0
#################### 24 0.0  (idx  54 )  ####################
55
25 0.0
56
57
25 0.0
#################### 25 0.0  (idx  57 )  ####################
58
59
60
25 0.0
#################### 26 0.0  (idx  60 )  ####################
61
62
25 0.0
#################### 27 0.0  (idx  62 )  ####################
63
25 0.0
64
25 0.0
65
25 0.0
#################### 28 0.0  (idx  65 )  ####################
66
25 0.0
#################### 29 0.0  (idx  66 )  ####################
67
25 0.0
#################### 30 0.0  (idx  67 )  ####################
