Namespace(method='sprtshap', dataset='brca', k=5, algo='nn', nruns=50, npts=30, alpha=0.2, guarantee='set')
sprtshap_brca_K5
0
25 0.0
1
25 0.0
2
25 0.0
3
25 0.0
#################### 1 0.0  (idx  3 )  ####################
4
25 0.0
5
25 0.0
#################### 2 0.0  (idx  5 )  ####################
6
25 0.0
#################### 3 0.0  (idx  6 )  ####################
7
8
9
10
25 0.0
11
25 0.0
12
13
25 0.0
#################### 4 0.0  (idx  13 )  ####################
14
15
25 0.0
#################### 5 0.0  (idx  15 )  ####################
16
25 0.0
#################### 6 0.0  (idx  16 )  ####################
17
25 0.0
#################### 7 0.0  (idx  17 )  ####################
18
19
25 0.0
#################### 8 0.0  (idx  19 )  ####################
20
25 0.0
#################### 9 0.0  (idx  20 )  ####################
21
22
25 0.0
23
25 0.0
24
25 0.0
#################### 10 0.0  (idx  24 )  ####################
25
25 0.0
26
27
28
25 0.0
29
25 0.0
30
25 0.0
#################### 11 0.0  (idx  30 )  ####################
31
25 0.0
32
25 0.0
33
25 0.0
#################### 12 0.0  (idx  33 )  ####################
34
25 0.0
35
25 0.0
#################### 13 0.0  (idx  35 )  ####################
36
25 0.0
37
38
39
25 0.0
40
25 0.0
#################### 14 0.0  (idx  40 )  ####################
41
25 0.0
42
25 0.0
43
25 0.0
44
25 0.0
#################### 15 0.0  (idx  44 )  ####################
45
46
25 0.0
#################### 16 0.0  (idx  46 )  ####################
47
25 0.0
#################### 17 0.0  (idx  47 )  ####################
48
25 0.0
#################### 18 0.0  (idx  48 )  ####################
49
25 0.0
#################### 19 0.0  (idx  49 )  ####################
50
25 0.0
#################### 20 0.0  (idx  50 )  ####################
51
25 0.0
52
25 0.0
#################### 21 0.0  (idx  52 )  ####################
53
25 0.0
#################### 22 0.0  (idx  53 )  ####################
54
55
25 0.0
56
25 0.0
57
25 0.0
#################### 23 0.0  (idx  57 )  ####################
58
25 0.0
59
25 0.0
60
61
25 0.0
#################### 24 0.0  (idx  61 )  ####################
62
25 0.0
#################### 25 0.0  (idx  62 )  ####################
63
25 0.0
64
65
66
25 0.0
67
68
25 0.0
69
25 0.0
70
25 0.0
#################### 26 0.0  (idx  70 )  ####################
71
25 0.0
72
25 0.0
#################### 27 0.0  (idx  72 )  ####################
73
25 0.0
#################### 28 0.0  (idx  73 )  ####################
74
75
25 0.0
#################### 29 0.0  (idx  75 )  ####################
76
77
25 0.0
#################### 30 0.0  (idx  77 )  ####################
