Namespace(method='sprtshap', dataset='credit', k=2, algo='nn', nruns=50, npts=30, alpha=0.2, guarantee='set')
sprtshap_credit_K2
0
25 0.0
1
25 0.0
2
25 0.0
#################### 1 0.0  (idx  2 )  ####################
3
25 0.0
4
25 0.0
5
6
7
25 0.0
#################### 2 0.0  (idx  7 )  ####################
8
25 0.0
#################### 3 0.0  (idx  8 )  ####################
9
25 0.0
#################### 4 0.0  (idx  9 )  ####################
10
25 0.0
#################### 5 0.0  (idx  10 )  ####################
11
25 0.0
12
25 0.0
13
25 0.0
14
25 0.0
15
16
25 0.0
#################### 6 0.0  (idx  16 )  ####################
17
25 0.0
#################### 7 0.0  (idx  17 )  ####################
18
25 0.0
#################### 8 0.0  (idx  18 )  ####################
19
25 0.0
20
21
25 0.0
22
25 0.0
#################### 9 0.0  (idx  22 )  ####################
23
24
25 0.0
25
25 0.0
#################### 10 0.0  (idx  25 )  ####################
26
27
25 0.0
#################### 11 0.0  (idx  27 )  ####################
28
25 0.0
#################### 12 0.0  (idx  28 )  ####################
29
25 0.0
30
25 0.0
31
25 0.0
#################### 13 0.0  (idx  31 )  ####################
32
33
25 0.0
34
35
25 0.0
#################### 14 0.0  (idx  35 )  ####################
36
37
38
25 0.0
#################### 15 0.0  (idx  38 )  ####################
39
40
25 0.0
#################### 16 0.0  (idx  40 )  ####################
41
25 0.0
#################### 17 0.0  (idx  41 )  ####################
42
25 0.0
#################### 18 0.0  (idx  42 )  ####################
43
25 0.0
44
25 0.0
45
25 0.0
#################### 19 0.0  (idx  45 )  ####################
46
25 0.0
#################### 20 0.0  (idx  46 )  ####################
47
25 0.0
48
49
50
25 0.0
#################### 21 0.0  (idx  50 )  ####################
51
25 0.0
52
25 0.0
#################### 22 0.0  (idx  52 )  ####################
53
54
25 0.0
#################### 23 0.0  (idx  54 )  ####################
55
25 0.0
56
57
58
25 0.0
59
60
25 0.0
61
25 0.0
62
63
64
25 0.0
#################### 24 0.0  (idx  64 )  ####################
65
25 0.0
66
67
68
25 0.0
69
25 0.0
#################### 25 0.0  (idx  69 )  ####################
70
25 0.0
#################### 26 0.0  (idx  70 )  ####################
71
25 0.0
72
25 0.0
#################### 27 0.0  (idx  72 )  ####################
73
25 0.0
74
25 0.0
75
76
25 0.0
77
78
25 0.0
#################### 28 0.0  (idx  78 )  ####################
79
25 0.0
#################### 29 0.0  (idx  79 )  ####################
80
25 0.0
81
25 0.0
82
25 0.0
#################### 30 0.0  (idx  82 )  ####################
